{"C:\\Users\\User\\Desktop\\HARDTRAP\\backend\\src\\app.ts": {"path":"C:\\Users\\User\\Desktop\\HARDTRAP\\backend\\src\\app.ts","all":false,"statementMap":{"0":{"start":{"line":1,"column":0},"end":{"line":1,"column":30}},"1":{"start":{"line":2,"column":0},"end":{"line":2,"column":24}},"2":{"start":{"line":3,"column":0},"end":{"line":3,"column":28}},"3":{"start":{"line":4,"column":0},"end":{"line":4,"column":51}},"5":{"start":{"line":6,"column":0},"end":{"line":6,"column":46}},"6":{"start":{"line":7,"column":0},"end":{"line":7,"column":56}},"7":{"start":{"line":8,"column":0},"end":{"line":8,"column":52}},"8":{"start":{"line":9,"column":0},"end":{"line":9,"column":46}},"9":{"start":{"line":10,"column":0},"end":{"line":10,"column":54}},"10":{"start":{"line":11,"column":0},"end":{"line":11,"column":46}},"11":{"start":{"line":12,"column":0},"end":{"line":12,"column":62}},"13":{"start":{"line":14,"column":0},"end":{"line":14,"column":16}},"15":{"start":{"line":16,"column":0},"end":{"line":16,"column":22}},"18":{"start":{"line":19,"column":0},"end":{"line":19,"column":9}},"19":{"start":{"line":20,"column":0},"end":{"line":20,"column":13}},"20":{"start":{"line":21,"column":0},"end":{"line":21,"column":44}},"21":{"start":{"line":22,"column":0},"end":{"line":22,"column":21}},"22":{"start":{"line":23,"column":0},"end":{"line":23,"column":2}},"25":{"start":{"line":26,"column":0},"end":{"line":26,"column":27}},"26":{"start":{"line":27,"column":0},"end":{"line":27,"column":24}},"29":{"start":{"line":30,"column":0},"end":{"line":30,"column":29}},"30":{"start":{"line":31,"column":0},"end":{"line":31,"column":39}},"31":{"start":{"line":32,"column":0},"end":{"line":32,"column":36}},"32":{"start":{"line":33,"column":0},"end":{"line":33,"column":30}},"33":{"start":{"line":34,"column":0},"end":{"line":34,"column":37}},"34":{"start":{"line":35,"column":0},"end":{"line":35,"column":33}},"36":{"start":{"line":37,"column":0},"end":{"line":37,"column":19}}},"s":{"0":1,"1":1,"2":1,"3":1,"5":1,"6":1,"7":1,"8":1,"9":1,"10":1,"11":1,"13":1,"15":1,"18":1,"19":1,"20":1,"21":1,"22":1,"25":1,"26":1,"29":1,"30":1,"31":1,"32":1,"33":1,"34":1,"36":1},"branchMap":{},"b":{},"fnMap":{},"f":{}}
,"C:\\Users\\User\\Desktop\\HARDTRAP\\backend\\src\\config.ts": {"path":"C:\\Users\\User\\Desktop\\HARDTRAP\\backend\\src\\config.ts","all":false,"statementMap":{"0":{"start":{"line":1,"column":0},"end":{"line":1,"column":28}},"2":{"start":{"line":3,"column":0},"end":{"line":3,"column":23}},"3":{"start":{"line":4,"column":0},"end":{"line":4,"column":8}},"4":{"start":{"line":5,"column":0},"end":{"line":5,"column":22}},"5":{"start":{"line":6,"column":0},"end":{"line":6,"column":19}},"6":{"start":{"line":7,"column":0},"end":{"line":7,"column":4}},"7":{"start":{"line":8,"column":0},"end":{"line":8,"column":7}},"8":{"start":{"line":9,"column":0},"end":{"line":9,"column":26}},"9":{"start":{"line":10,"column":0},"end":{"line":10,"column":4}},"10":{"start":{"line":11,"column":0},"end":{"line":11,"column":8}},"11":{"start":{"line":12,"column":0},"end":{"line":12,"column":27}},"12":{"start":{"line":13,"column":0},"end":{"line":13,"column":4}},"13":{"start":{"line":14,"column":0},"end":{"line":14,"column":17}},"14":{"start":{"line":15,"column":0},"end":{"line":15,"column":21}},"15":{"start":{"line":16,"column":0},"end":{"line":16,"column":25}},"16":{"start":{"line":17,"column":0},"end":{"line":17,"column":32}},"17":{"start":{"line":18,"column":0},"end":{"line":18,"column":2}}},"s":{"0":1,"2":1,"3":1,"4":1,"5":1,"6":1,"7":1,"8":1,"9":1,"10":1,"11":1,"12":1,"13":1,"14":1,"15":1,"16":1,"17":1},"branchMap":{},"b":{},"fnMap":{},"f":{}}
,"C:\\Users\\User\\Desktop\\HARDTRAP\\backend\\src\\env.ts": {"path":"C:\\Users\\User\\Desktop\\HARDTRAP\\backend\\src\\env.ts","all":false,"statementMap":{"0":{"start":{"line":1,"column":0},"end":{"line":1,"column":37}},"1":{"start":{"line":2,"column":0},"end":{"line":2,"column":24}},"3":{"start":{"line":4,"column":0},"end":{"line":4,"column":19}},"4":{"start":{"line":5,"column":0},"end":{"line":5,"column":26}},"5":{"start":{"line":6,"column":0},"end":{"line":6,"column":54}},"6":{"start":{"line":7,"column":0},"end":{"line":7,"column":3}},"8":{"start":{"line":9,"column":0},"end":{"line":9,"column":43}},"9":{"start":{"line":10,"column":0},"end":{"line":10,"column":34}},"10":{"start":{"line":11,"column":0},"end":{"line":11,"column":15}},"11":{"start":{"line":12,"column":0},"end":{"line":12,"column":78}},"12":{"start":{"line":13,"column":0},"end":{"line":13,"column":3}},"13":{"start":{"line":14,"column":0},"end":{"line":14,"column":15}},"14":{"start":{"line":15,"column":0},"end":{"line":15,"column":1}},"17":{"start":{"line":18,"column":0},"end":{"line":18,"column":20}},"18":{"start":{"line":19,"column":0},"end":{"line":19,"column":50}},"19":{"start":{"line":20,"column":0},"end":{"line":20,"column":65}},"21":{"start":{"line":22,"column":0},"end":{"line":22,"column":43}},"22":{"start":{"line":23,"column":0},"end":{"line":23,"column":39}},"24":{"start":{"line":25,"column":0},"end":{"line":25,"column":9}},"25":{"start":{"line":26,"column":0},"end":{"line":26,"column":34}},"26":{"start":{"line":27,"column":0},"end":{"line":27,"column":48}},"27":{"start":{"line":28,"column":0},"end":{"line":28,"column":34}},"28":{"start":{"line":29,"column":0},"end":{"line":29,"column":34}},"29":{"start":{"line":30,"column":0},"end":{"line":30,"column":4}},"31":{"start":{"line":32,"column":0},"end":{"line":32,"column":11}},"32":{"start":{"line":33,"column":0},"end":{"line":33,"column":48}},"33":{"start":{"line":34,"column":0},"end":{"line":34,"column":58}},"34":{"start":{"line":35,"column":0},"end":{"line":35,"column":56}},"35":{"start":{"line":36,"column":0},"end":{"line":36,"column":4}},"37":{"start":{"line":38,"column":0},"end":{"line":38,"column":13}},"38":{"start":{"line":39,"column":0},"end":{"line":39,"column":67}},"39":{"start":{"line":40,"column":0},"end":{"line":40,"column":69}},"40":{"start":{"line":41,"column":0},"end":{"line":41,"column":67}},"41":{"start":{"line":42,"column":0},"end":{"line":42,"column":69}},"42":{"start":{"line":43,"column":0},"end":{"line":43,"column":45}},"43":{"start":{"line":44,"column":0},"end":{"line":44,"column":4}},"45":{"start":{"line":46,"column":0},"end":{"line":46,"column":17}},"46":{"start":{"line":47,"column":0},"end":{"line":47,"column":52}},"47":{"start":{"line":48,"column":0},"end":{"line":48,"column":60}},"48":{"start":{"line":49,"column":0},"end":{"line":49,"column":59}},"49":{"start":{"line":50,"column":0},"end":{"line":50,"column":4}},"50":{"start":{"line":51,"column":0},"end":{"line":51,"column":2}}},"s":{"0":1,"1":1,"3":1,"4":1,"5":1,"6":1,"8":18,"9":18,"10":18,"11":1,"12":1,"13":17,"14":17,"17":1,"18":1,"19":1,"21":1,"22":1,"24":1,"25":1,"26":1,"27":1,"28":1,"29":1,"31":1,"32":1,"33":1,"34":1,"35":1,"37":1,"38":1,"39":1,"40":1,"41":1,"42":1,"43":1,"45":1,"46":1,"47":1,"48":1,"49":1,"50":1},"branchMap":{"0":{"type":"branch","line":19,"loc":{"start":{"line":19,"column":12},"end":{"line":19,"column":50}},"locations":[{"start":{"line":19,"column":12},"end":{"line":19,"column":50}}]},"1":{"type":"branch","line":20,"loc":{"start":{"line":20,"column":20},"end":{"line":20,"column":60}},"locations":[{"start":{"line":20,"column":20},"end":{"line":20,"column":60}}]},"2":{"type":"branch","line":20,"loc":{"start":{"line":20,"column":56},"end":{"line":20,"column":65}},"locations":[{"start":{"line":20,"column":56},"end":{"line":20,"column":65}}]},"3":{"type":"branch","line":9,"loc":{"start":{"line":9,"column":0},"end":{"line":15,"column":1}},"locations":[{"start":{"line":9,"column":0},"end":{"line":15,"column":1}}]},"4":{"type":"branch","line":11,"loc":{"start":{"line":11,"column":14},"end":{"line":13,"column":3}},"locations":[{"start":{"line":11,"column":14},"end":{"line":13,"column":3}}]},"5":{"type":"branch","line":13,"loc":{"start":{"line":13,"column":2},"end":{"line":15,"column":1}},"locations":[{"start":{"line":13,"column":2},"end":{"line":15,"column":1}}]}},"b":{"0":[1],"1":[1],"2":[1],"3":[18],"4":[1],"5":[17]},"fnMap":{"0":{"name":"requireEnv","decl":{"start":{"line":9,"column":0},"end":{"line":15,"column":1}},"loc":{"start":{"line":9,"column":0},"end":{"line":15,"column":1}},"line":9}},"f":{"0":18}}
,"C:\\Users\\User\\Desktop\\HARDTRAP\\backend\\src\\index.ts": {"path":"C:\\Users\\User\\Desktop\\HARDTRAP\\backend\\src\\index.ts","all":true,"statementMap":{"0":{"start":{"line":1,"column":0},"end":{"line":1,"column":30}},"1":{"start":{"line":2,"column":0},"end":{"line":2,"column":24}},"2":{"start":{"line":3,"column":0},"end":{"line":3,"column":28}},"3":{"start":{"line":4,"column":0},"end":{"line":4,"column":46}},"4":{"start":{"line":5,"column":0},"end":{"line":5,"column":52}},"6":{"start":{"line":7,"column":0},"end":{"line":7,"column":16}},"8":{"start":{"line":9,"column":0},"end":{"line":9,"column":22}},"10":{"start":{"line":11,"column":0},"end":{"line":11,"column":16}},"11":{"start":{"line":12,"column":0},"end":{"line":12,"column":24}},"13":{"start":{"line":14,"column":0},"end":{"line":14,"column":29}},"14":{"start":{"line":15,"column":0},"end":{"line":15,"column":36}},"17":{"start":{"line":18,"column":0},"end":{"line":18,"column":38}},"18":{"start":{"line":19,"column":0},"end":{"line":19,"column":24}},"19":{"start":{"line":20,"column":0},"end":{"line":20,"column":51}},"20":{"start":{"line":21,"column":0},"end":{"line":21,"column":3}}},"s":{"0":0,"1":0,"2":0,"3":0,"4":0,"6":0,"8":0,"10":0,"11":0,"13":0,"14":0,"17":0,"18":0,"19":0,"20":0},"branchMap":{"0":{"type":"branch","line":1,"loc":{"start":{"line":1,"column":0},"end":{"line":21,"column":-288}},"locations":[{"start":{"line":1,"column":0},"end":{"line":21,"column":-288}}]}},"b":{"0":[0]},"fnMap":{"0":{"name":"(empty-report)","decl":{"start":{"line":1,"column":0},"end":{"line":21,"column":-288}},"loc":{"start":{"line":1,"column":0},"end":{"line":21,"column":-288}},"line":1}},"f":{"0":0}}
,"C:\\Users\\User\\Desktop\\HARDTRAP\\backend\\src\\logger.ts": {"path":"C:\\Users\\User\\Desktop\\HARDTRAP\\backend\\src\\logger.ts","all":false,"statementMap":{"0":{"start":{"line":1,"column":0},"end":{"line":1,"column":59}},"2":{"start":{"line":3,"column":0},"end":{"line":3,"column":52}},"4":{"start":{"line":5,"column":0},"end":{"line":5,"column":29}},"5":{"start":{"line":6,"column":0},"end":{"line":6,"column":34}},"6":{"start":{"line":7,"column":0},"end":{"line":7,"column":15}},"7":{"start":{"line":8,"column":0},"end":{"line":8,"column":21}},"8":{"start":{"line":9,"column":0},"end":{"line":9,"column":26}},"9":{"start":{"line":10,"column":0},"end":{"line":10,"column":60}},"10":{"start":{"line":11,"column":0},"end":{"line":11,"column":67}},"11":{"start":{"line":12,"column":0},"end":{"line":12,"column":56}},"12":{"start":{"line":13,"column":0},"end":{"line":13,"column":73}},"13":{"start":{"line":14,"column":0},"end":{"line":14,"column":13}},"14":{"start":{"line":15,"column":0},"end":{"line":15,"column":10}},"15":{"start":{"line":16,"column":0},"end":{"line":16,"column":7}},"16":{"start":{"line":17,"column":0},"end":{"line":17,"column":21}},"17":{"start":{"line":18,"column":0},"end":{"line":18,"column":27}},"18":{"start":{"line":19,"column":0},"end":{"line":19,"column":22}},"19":{"start":{"line":20,"column":0},"end":{"line":20,"column":8}},"20":{"start":{"line":21,"column":0},"end":{"line":21,"column":41}},"21":{"start":{"line":22,"column":0},"end":{"line":22,"column":21}},"22":{"start":{"line":23,"column":0},"end":{"line":23,"column":3}},"24":{"start":{"line":25,"column":0},"end":{"line":25,"column":22}}},"s":{"0":1,"2":1,"4":1,"5":1,"6":1,"7":1,"8":1,"9":1,"10":1,"11":3,"12":3,"13":3,"14":1,"15":1,"16":0,"17":0,"18":0,"19":0,"20":1,"21":1,"22":1,"24":1},"branchMap":{"0":{"type":"branch","line":6,"loc":{"start":{"line":6,"column":17},"end":{"line":6,"column":34}},"locations":[{"start":{"line":6,"column":17},"end":{"line":6,"column":34}}]},"1":{"type":"branch","line":16,"loc":{"start":{"line":16,"column":6},"end":{"line":20,"column":8}},"locations":[{"start":{"line":16,"column":6},"end":{"line":20,"column":8}}]},"2":{"type":"branch","line":11,"loc":{"start":{"line":11,"column":22},"end":{"line":15,"column":9}},"locations":[{"start":{"line":11,"column":22},"end":{"line":15,"column":9}}]},"3":{"type":"branch","line":13,"loc":{"start":{"line":13,"column":67},"end":{"line":13,"column":73}},"locations":[{"start":{"line":13,"column":67},"end":{"line":13,"column":73}}]}},"b":{"0":[0],"1":[0],"2":[3],"3":[0]},"fnMap":{},"f":{}}
,"C:\\Users\\User\\Desktop\\HARDTRAP\\backend\\src\\prisma.ts": {"path":"C:\\Users\\User\\Desktop\\HARDTRAP\\backend\\src\\prisma.ts","all":false,"statementMap":{"0":{"start":{"line":1,"column":0},"end":{"line":1,"column":46}},"6":{"start":{"line":7,"column":0},"end":{"line":7,"column":21}},"7":{"start":{"line":8,"column":0},"end":{"line":8,"column":22}},"8":{"start":{"line":9,"column":0},"end":{"line":9,"column":20}},"9":{"start":{"line":10,"column":0},"end":{"line":10,"column":89}},"10":{"start":{"line":11,"column":0},"end":{"line":11,"column":5}},"12":{"start":{"line":13,"column":0},"end":{"line":13,"column":44}},"13":{"start":{"line":14,"column":0},"end":{"line":14,"column":29}},"14":{"start":{"line":15,"column":0},"end":{"line":15,"column":1}}},"s":{"0":1,"6":1,"7":1,"8":1,"9":1,"10":1,"12":1,"13":1,"14":1},"branchMap":{"0":{"type":"branch","line":10,"loc":{"start":{"line":10,"column":34},"end":{"line":10,"column":79}},"locations":[{"start":{"line":10,"column":34},"end":{"line":10,"column":79}}]}},"b":{"0":[0]},"fnMap":{},"f":{}}
,"C:\\Users\\User\\Desktop\\HARDTRAP\\backend\\src\\server.ts": {"path":"C:\\Users\\User\\Desktop\\HARDTRAP\\backend\\src\\server.ts","all":false,"statementMap":{"0":{"start":{"line":1,"column":0},"end":{"line":1,"column":24}},"2":{"start":{"line":3,"column":0},"end":{"line":3,"column":38}},"4":{"start":{"line":5,"column":0},"end":{"line":5,"column":24}},"5":{"start":{"line":6,"column":0},"end":{"line":6,"column":54}},"6":{"start":{"line":7,"column":0},"end":{"line":7,"column":3}}},"s":{"0":1,"2":1,"4":1,"5":2,"6":2},"branchMap":{"0":{"type":"branch","line":5,"loc":{"start":{"line":5,"column":17},"end":{"line":7,"column":3}},"locations":[{"start":{"line":5,"column":17},"end":{"line":7,"column":3}}]}},"b":{"0":[2]},"fnMap":{},"f":{}}
,"C:\\Users\\User\\Desktop\\HARDTRAP\\backend\\src\\config\\cors.config.ts": {"path":"C:\\Users\\User\\Desktop\\HARDTRAP\\backend\\src\\config\\cors.config.ts","all":false,"statementMap":{"2":{"start":{"line":3,"column":0},"end":{"line":3,"column":70}},"4":{"start":{"line":5,"column":0},"end":{"line":5,"column":47}},"5":{"start":{"line":6,"column":0},"end":{"line":6,"column":73}},"6":{"start":{"line":7,"column":0},"end":{"line":7,"column":7}},"8":{"start":{"line":9,"column":0},"end":{"line":9,"column":41}},"9":{"start":{"line":10,"column":0},"end":{"line":10,"column":33}},"11":{"start":{"line":12,"column":0},"end":{"line":12,"column":45}},"13":{"start":{"line":14,"column":0},"end":{"line":14,"column":26}},"14":{"start":{"line":15,"column":0},"end":{"line":15,"column":71}},"16":{"start":{"line":17,"column":0},"end":{"line":17,"column":42}},"17":{"start":{"line":18,"column":0},"end":{"line":18,"column":34}},"18":{"start":{"line":19,"column":0},"end":{"line":19,"column":5}},"20":{"start":{"line":21,"column":0},"end":{"line":21,"column":55}},"21":{"start":{"line":22,"column":0},"end":{"line":22,"column":71}},"22":{"start":{"line":23,"column":0},"end":{"line":23,"column":4}},"23":{"start":{"line":24,"column":0},"end":{"line":24,"column":63}},"24":{"start":{"line":25,"column":0},"end":{"line":25,"column":2}}},"s":{"2":1,"4":1,"5":0,"6":1,"8":1,"9":1,"11":20,"13":0,"14":20,"16":20,"17":0,"18":0,"20":0,"21":0,"22":20,"23":1,"24":1},"branchMap":{"0":{"type":"branch","line":5,"loc":{"start":{"line":5,"column":32},"end":{"line":6,"column":73}},"locations":[{"start":{"line":5,"column":32},"end":{"line":6,"column":73}}]},"1":{"type":"branch","line":10,"loc":{"start":{"line":10,"column":10},"end":{"line":23,"column":4}},"locations":[{"start":{"line":10,"column":10},"end":{"line":23,"column":4}}]},"2":{"type":"branch","line":12,"loc":{"start":{"line":12,"column":43},"end":{"line":15,"column":60}},"locations":[{"start":{"line":12,"column":43},"end":{"line":15,"column":60}}]},"3":{"type":"branch","line":15,"loc":{"start":{"line":15,"column":46},"end":{"line":15,"column":71}},"locations":[{"start":{"line":15,"column":46},"end":{"line":15,"column":71}}]},"4":{"type":"branch","line":17,"loc":{"start":{"line":17,"column":41},"end":{"line":22,"column":71}},"locations":[{"start":{"line":17,"column":41},"end":{"line":22,"column":71}}]}},"b":{"0":[0],"1":[20],"2":[0],"3":[0],"4":[0]},"fnMap":{"0":{"name":"origin","decl":{"start":{"line":10,"column":10},"end":{"line":23,"column":4}},"loc":{"start":{"line":10,"column":10},"end":{"line":23,"column":4}},"line":10}},"f":{"0":20}}
,"C:\\Users\\User\\Desktop\\HARDTRAP\\backend\\src\\controllers\\admin.controller.ts": {"path":"C:\\Users\\User\\Desktop\\HARDTRAP\\backend\\src\\controllers\\admin.controller.ts","all":false,"statementMap":{"1":{"start":{"line":2,"column":0},"end":{"line":2,"column":22}},"2":{"start":{"line":3,"column":0},"end":{"line":3,"column":8}},"7":{"start":{"line":8,"column":0},"end":{"line":8,"column":59}},"14":{"start":{"line":15,"column":0},"end":{"line":15,"column":40}},"15":{"start":{"line":16,"column":0},"end":{"line":16,"column":49}},"16":{"start":{"line":17,"column":0},"end":{"line":17,"column":41}},"17":{"start":{"line":18,"column":0},"end":{"line":18,"column":41}},"18":{"start":{"line":19,"column":0},"end":{"line":19,"column":5}},"19":{"start":{"line":20,"column":0},"end":{"line":20,"column":56}},"20":{"start":{"line":21,"column":0},"end":{"line":21,"column":54}},"21":{"start":{"line":22,"column":0},"end":{"line":22,"column":46}},"22":{"start":{"line":23,"column":0},"end":{"line":23,"column":49}},"23":{"start":{"line":24,"column":0},"end":{"line":24,"column":42}},"24":{"start":{"line":25,"column":0},"end":{"line":25,"column":5}},"25":{"start":{"line":26,"column":0},"end":{"line":26,"column":60}},"26":{"start":{"line":27,"column":0},"end":{"line":27,"column":48}},"27":{"start":{"line":28,"column":0},"end":{"line":28,"column":59}},"28":{"start":{"line":29,"column":0},"end":{"line":29,"column":50}},"29":{"start":{"line":30,"column":0},"end":{"line":30,"column":5}},"30":{"start":{"line":31,"column":0},"end":{"line":31,"column":3}},"33":{"start":{"line":34,"column":0},"end":{"line":34,"column":38}},"34":{"start":{"line":35,"column":0},"end":{"line":35,"column":60}},"35":{"start":{"line":36,"column":0},"end":{"line":36,"column":48}},"36":{"start":{"line":37,"column":0},"end":{"line":37,"column":59}},"37":{"start":{"line":38,"column":0},"end":{"line":38,"column":50}},"38":{"start":{"line":39,"column":0},"end":{"line":39,"column":44}},"39":{"start":{"line":40,"column":0},"end":{"line":40,"column":5}},"40":{"start":{"line":41,"column":0},"end":{"line":41,"column":3}},"43":{"start":{"line":44,"column":0},"end":{"line":44,"column":75}},"44":{"start":{"line":45,"column":0},"end":{"line":45,"column":67}},"45":{"start":{"line":46,"column":0},"end":{"line":46,"column":19}},"46":{"start":{"line":47,"column":0},"end":{"line":47,"column":83}},"47":{"start":{"line":48,"column":0},"end":{"line":48,"column":3}},"49":{"start":{"line":50,"column":0},"end":{"line":50,"column":7}},"50":{"start":{"line":51,"column":0},"end":{"line":51,"column":48}},"51":{"start":{"line":52,"column":0},"end":{"line":52,"column":19}},"52":{"start":{"line":53,"column":0},"end":{"line":53,"column":34}},"53":{"start":{"line":54,"column":0},"end":{"line":54,"column":63}},"54":{"start":{"line":55,"column":0},"end":{"line":55,"column":7}},"56":{"start":{"line":57,"column":0},"end":{"line":57,"column":34}},"57":{"start":{"line":58,"column":0},"end":{"line":58,"column":22}},"58":{"start":{"line":59,"column":0},"end":{"line":59,"column":26}},"59":{"start":{"line":60,"column":0},"end":{"line":60,"column":21}},"60":{"start":{"line":61,"column":0},"end":{"line":61,"column":15}},"61":{"start":{"line":62,"column":0},"end":{"line":62,"column":9}},"62":{"start":{"line":63,"column":0},"end":{"line":63,"column":26}},"63":{"start":{"line":64,"column":0},"end":{"line":64,"column":58}},"64":{"start":{"line":65,"column":0},"end":{"line":65,"column":10}},"65":{"start":{"line":66,"column":0},"end":{"line":66,"column":8}},"66":{"start":{"line":67,"column":0},"end":{"line":67,"column":7}},"67":{"start":{"line":68,"column":0},"end":{"line":68,"column":3}},"68":{"start":{"line":69,"column":0},"end":{"line":69,"column":2}},"71":{"start":{"line":72,"column":0},"end":{"line":72,"column":74}},"72":{"start":{"line":73,"column":0},"end":{"line":73,"column":65}},"73":{"start":{"line":74,"column":0},"end":{"line":74,"column":25}},"75":{"start":{"line":76,"column":0},"end":{"line":76,"column":7}},"76":{"start":{"line":77,"column":0},"end":{"line":77,"column":37}},"77":{"start":{"line":78,"column":0},"end":{"line":78,"column":20}},"78":{"start":{"line":79,"column":0},"end":{"line":79,"column":78}},"79":{"start":{"line":80,"column":0},"end":{"line":80,"column":5}},"81":{"start":{"line":82,"column":0},"end":{"line":82,"column":80}},"83":{"start":{"line":84,"column":0},"end":{"line":84,"column":29}},"84":{"start":{"line":85,"column":0},"end":{"line":85,"column":22}},"85":{"start":{"line":86,"column":0},"end":{"line":86,"column":26}},"86":{"start":{"line":87,"column":0},"end":{"line":87,"column":21}},"87":{"start":{"line":88,"column":0},"end":{"line":88,"column":15}},"88":{"start":{"line":89,"column":0},"end":{"line":89,"column":9}},"89":{"start":{"line":90,"column":0},"end":{"line":90,"column":26}},"90":{"start":{"line":91,"column":0},"end":{"line":91,"column":62}},"91":{"start":{"line":92,"column":0},"end":{"line":92,"column":10}},"92":{"start":{"line":93,"column":0},"end":{"line":93,"column":8}},"93":{"start":{"line":94,"column":0},"end":{"line":94,"column":7}},"94":{"start":{"line":95,"column":0},"end":{"line":95,"column":3}},"95":{"start":{"line":96,"column":0},"end":{"line":96,"column":2}},"98":{"start":{"line":99,"column":0},"end":{"line":99,"column":68}},"99":{"start":{"line":100,"column":0},"end":{"line":100,"column":7}},"100":{"start":{"line":101,"column":0},"end":{"line":101,"column":51}},"101":{"start":{"line":102,"column":0},"end":{"line":102,"column":23}},"102":{"start":{"line":103,"column":0},"end":{"line":103,"column":22}},"103":{"start":{"line":104,"column":0},"end":{"line":104,"column":26}},"104":{"start":{"line":105,"column":0},"end":{"line":105,"column":21}},"105":{"start":{"line":106,"column":0},"end":{"line":106,"column":15}},"106":{"start":{"line":107,"column":0},"end":{"line":107,"column":9}},"107":{"start":{"line":108,"column":0},"end":{"line":108,"column":26}},"108":{"start":{"line":109,"column":0},"end":{"line":109,"column":60}},"109":{"start":{"line":110,"column":0},"end":{"line":110,"column":10}},"110":{"start":{"line":111,"column":0},"end":{"line":111,"column":8}},"111":{"start":{"line":112,"column":0},"end":{"line":112,"column":7}},"112":{"start":{"line":113,"column":0},"end":{"line":113,"column":3}},"113":{"start":{"line":114,"column":0},"end":{"line":114,"column":2}},"117":{"start":{"line":118,"column":0},"end":{"line":118,"column":71}},"118":{"start":{"line":119,"column":0},"end":{"line":119,"column":7}},"119":{"start":{"line":120,"column":0},"end":{"line":120,"column":99}},"120":{"start":{"line":121,"column":0},"end":{"line":121,"column":23}},"121":{"start":{"line":122,"column":0},"end":{"line":122,"column":22}},"122":{"start":{"line":123,"column":0},"end":{"line":123,"column":26}},"123":{"start":{"line":124,"column":0},"end":{"line":124,"column":21}},"124":{"start":{"line":125,"column":0},"end":{"line":125,"column":15}},"125":{"start":{"line":126,"column":0},"end":{"line":126,"column":9}},"126":{"start":{"line":127,"column":0},"end":{"line":127,"column":26}},"127":{"start":{"line":128,"column":0},"end":{"line":128,"column":67}},"128":{"start":{"line":129,"column":0},"end":{"line":129,"column":10}},"129":{"start":{"line":130,"column":0},"end":{"line":130,"column":8}},"130":{"start":{"line":131,"column":0},"end":{"line":131,"column":7}},"131":{"start":{"line":132,"column":0},"end":{"line":132,"column":3}},"132":{"start":{"line":133,"column":0},"end":{"line":133,"column":2}}},"s":{"1":1,"2":1,"7":1,"14":1,"15":1,"16":1,"17":1,"18":1,"19":1,"20":1,"21":1,"22":1,"23":1,"24":1,"25":1,"26":1,"27":1,"28":1,"29":1,"30":1,"33":1,"34":1,"35":1,"36":1,"37":1,"38":1,"39":1,"40":1,"43":1,"44":3,"45":3,"46":1,"47":1,"49":2,"50":2,"51":2,"52":3,"53":3,"54":3,"56":1,"57":1,"58":1,"59":1,"60":1,"61":1,"62":1,"63":1,"64":1,"65":1,"66":1,"67":1,"68":3,"71":1,"72":3,"73":3,"75":3,"76":3,"77":3,"78":1,"79":1,"81":2,"83":1,"84":1,"85":1,"86":1,"87":1,"88":1,"89":1,"90":1,"91":1,"92":1,"93":1,"94":1,"95":3,"98":1,"99":2,"100":2,"101":1,"102":1,"103":1,"104":1,"105":1,"106":1,"107":1,"108":1,"109":1,"110":1,"111":1,"112":1,"113":2,"117":1,"118":2,"119":2,"120":1,"121":1,"122":1,"123":1,"124":1,"125":1,"126":1,"127":1,"128":1,"129":1,"130":1,"131":1,"132":2},"branchMap":{"0":{"type":"branch","line":44,"loc":{"start":{"line":44,"column":29},"end":{"line":69,"column":2}},"locations":[{"start":{"line":44,"column":29},"end":{"line":69,"column":2}}]},"1":{"type":"branch","line":46,"loc":{"start":{"line":46,"column":18},"end":{"line":48,"column":3}},"locations":[{"start":{"line":46,"column":18},"end":{"line":48,"column":3}}]},"2":{"type":"branch","line":48,"loc":{"start":{"line":48,"column":2},"end":{"line":53,"column":32}},"locations":[{"start":{"line":48,"column":2},"end":{"line":53,"column":32}}]},"3":{"type":"branch","line":53,"loc":{"start":{"line":53,"column":23},"end":{"line":53,"column":34}},"locations":[{"start":{"line":53,"column":23},"end":{"line":53,"column":34}}]},"4":{"type":"branch","line":54,"loc":{"start":{"line":54,"column":20},"end":{"line":54,"column":63}},"locations":[{"start":{"line":54,"column":20},"end":{"line":54,"column":63}}]},"5":{"type":"branch","line":55,"loc":{"start":{"line":55,"column":5},"end":{"line":68,"column":3}},"locations":[{"start":{"line":55,"column":5},"end":{"line":68,"column":3}}]},"6":{"type":"branch","line":64,"loc":{"start":{"line":64,"column":23},"end":{"line":64,"column":58}},"locations":[{"start":{"line":64,"column":23},"end":{"line":64,"column":58}}]},"7":{"type":"branch","line":72,"loc":{"start":{"line":72,"column":34},"end":{"line":96,"column":2}},"locations":[{"start":{"line":72,"column":34},"end":{"line":96,"column":2}}]},"8":{"type":"branch","line":74,"loc":{"start":{"line":74,"column":18},"end":{"line":74,"column":25}},"locations":[{"start":{"line":74,"column":18},"end":{"line":74,"column":25}}]},"9":{"type":"branch","line":78,"loc":{"start":{"line":78,"column":19},"end":{"line":80,"column":5}},"locations":[{"start":{"line":78,"column":19},"end":{"line":80,"column":5}}]},"10":{"type":"branch","line":80,"loc":{"start":{"line":80,"column":4},"end":{"line":82,"column":80}},"locations":[{"start":{"line":80,"column":4},"end":{"line":82,"column":80}}]},"11":{"type":"branch","line":82,"loc":{"start":{"line":82,"column":78},"end":{"line":95,"column":3}},"locations":[{"start":{"line":82,"column":78},"end":{"line":95,"column":3}}]},"12":{"type":"branch","line":91,"loc":{"start":{"line":91,"column":23},"end":{"line":91,"column":62}},"locations":[{"start":{"line":91,"column":23},"end":{"line":91,"column":62}}]},"13":{"type":"branch","line":99,"loc":{"start":{"line":99,"column":30},"end":{"line":114,"column":2}},"locations":[{"start":{"line":99,"column":30},"end":{"line":114,"column":2}}]},"14":{"type":"branch","line":101,"loc":{"start":{"line":101,"column":49},"end":{"line":113,"column":3}},"locations":[{"start":{"line":101,"column":49},"end":{"line":113,"column":3}}]},"15":{"type":"branch","line":109,"loc":{"start":{"line":109,"column":23},"end":{"line":109,"column":60}},"locations":[{"start":{"line":109,"column":23},"end":{"line":109,"column":60}}]},"16":{"type":"branch","line":118,"loc":{"start":{"line":118,"column":33},"end":{"line":133,"column":2}},"locations":[{"start":{"line":118,"column":33},"end":{"line":133,"column":2}}]},"17":{"type":"branch","line":120,"loc":{"start":{"line":120,"column":50},"end":{"line":132,"column":3}},"locations":[{"start":{"line":120,"column":50},"end":{"line":132,"column":3}}]},"18":{"type":"branch","line":128,"loc":{"start":{"line":128,"column":23},"end":{"line":128,"column":67}},"locations":[{"start":{"line":128,"column":23},"end":{"line":128,"column":67}}]},"19":{"type":"branch","line":120,"loc":{"start":{"line":120,"column":60},"end":{"line":120,"column":97}},"locations":[{"start":{"line":120,"column":60},"end":{"line":120,"column":97}}]}},"b":{"0":[3],"1":[1],"2":[2],"3":[1],"4":[0],"5":[1],"6":[0],"7":[3],"8":[0],"9":[1],"10":[2],"11":[1],"12":[0],"13":[2],"14":[1],"15":[0],"16":[2],"17":[1],"18":[0],"19":[2]},"fnMap":{"0":{"name":"createProduct","decl":{"start":{"line":44,"column":29},"end":{"line":69,"column":2}},"loc":{"start":{"line":44,"column":29},"end":{"line":69,"column":2}},"line":44},"1":{"name":"updateProductStock","decl":{"start":{"line":72,"column":34},"end":{"line":96,"column":2}},"loc":{"start":{"line":72,"column":34},"end":{"line":96,"column":2}},"line":72},"2":{"name":"getAllProducts","decl":{"start":{"line":99,"column":30},"end":{"line":114,"column":2}},"loc":{"start":{"line":99,"column":30},"end":{"line":114,"column":2}},"line":99},"3":{"name":"getActiveProducts","decl":{"start":{"line":118,"column":33},"end":{"line":133,"column":2}},"loc":{"start":{"line":118,"column":33},"end":{"line":133,"column":2}},"line":118}},"f":{"0":3,"1":3,"2":2,"3":2}}
,"C:\\Users\\User\\Desktop\\HARDTRAP\\backend\\src\\controllers\\auth.controller.ts": {"path":"C:\\Users\\User\\Desktop\\HARDTRAP\\backend\\src\\controllers\\auth.controller.ts","all":false,"statementMap":{"1":{"start":{"line":2,"column":0},"end":{"line":2,"column":22}},"2":{"start":{"line":3,"column":0},"end":{"line":3,"column":81}},"3":{"start":{"line":4,"column":0},"end":{"line":4,"column":59}},"6":{"start":{"line":7,"column":0},"end":{"line":7,"column":35}},"7":{"start":{"line":8,"column":0},"end":{"line":8,"column":49}},"8":{"start":{"line":9,"column":0},"end":{"line":9,"column":41}},"9":{"start":{"line":10,"column":0},"end":{"line":10,"column":41}},"10":{"start":{"line":11,"column":0},"end":{"line":11,"column":5}},"11":{"start":{"line":12,"column":0},"end":{"line":12,"column":84}},"12":{"start":{"line":13,"column":0},"end":{"line":13,"column":49}},"13":{"start":{"line":14,"column":0},"end":{"line":14,"column":43}},"14":{"start":{"line":15,"column":0},"end":{"line":15,"column":43}},"15":{"start":{"line":16,"column":0},"end":{"line":16,"column":5}},"16":{"start":{"line":17,"column":0},"end":{"line":17,"column":53}},"17":{"start":{"line":18,"column":0},"end":{"line":18,"column":61}},"18":{"start":{"line":19,"column":0},"end":{"line":19,"column":42}},"19":{"start":{"line":20,"column":0},"end":{"line":20,"column":42}},"20":{"start":{"line":21,"column":0},"end":{"line":21,"column":5}},"21":{"start":{"line":22,"column":0},"end":{"line":22,"column":3}},"23":{"start":{"line":24,"column":0},"end":{"line":24,"column":32}},"24":{"start":{"line":25,"column":0},"end":{"line":25,"column":84}},"25":{"start":{"line":26,"column":0},"end":{"line":26,"column":49}},"26":{"start":{"line":27,"column":0},"end":{"line":27,"column":43}},"27":{"start":{"line":28,"column":0},"end":{"line":28,"column":43}},"28":{"start":{"line":29,"column":0},"end":{"line":29,"column":5}},"29":{"start":{"line":30,"column":0},"end":{"line":30,"column":53}},"30":{"start":{"line":31,"column":0},"end":{"line":31,"column":42}},"31":{"start":{"line":32,"column":0},"end":{"line":32,"column":42}},"32":{"start":{"line":33,"column":0},"end":{"line":33,"column":5}},"33":{"start":{"line":34,"column":0},"end":{"line":34,"column":3}},"36":{"start":{"line":37,"column":0},"end":{"line":37,"column":64}},"37":{"start":{"line":38,"column":0},"end":{"line":38,"column":62}},"38":{"start":{"line":39,"column":0},"end":{"line":39,"column":19}},"39":{"start":{"line":40,"column":0},"end":{"line":40,"column":33}},"40":{"start":{"line":41,"column":0},"end":{"line":41,"column":21}},"41":{"start":{"line":42,"column":0},"end":{"line":42,"column":68}},"42":{"start":{"line":43,"column":0},"end":{"line":43,"column":7}},"43":{"start":{"line":44,"column":0},"end":{"line":44,"column":3}},"45":{"start":{"line":46,"column":0},"end":{"line":46,"column":7}},"46":{"start":{"line":47,"column":0},"end":{"line":47,"column":54}},"47":{"start":{"line":48,"column":0},"end":{"line":48,"column":26}},"48":{"start":{"line":49,"column":0},"end":{"line":49,"column":48}},"49":{"start":{"line":50,"column":0},"end":{"line":50,"column":11}},"50":{"start":{"line":51,"column":0},"end":{"line":51,"column":7}},"51":{"start":{"line":52,"column":0},"end":{"line":52,"column":22}},"52":{"start":{"line":53,"column":0},"end":{"line":53,"column":26}},"53":{"start":{"line":54,"column":0},"end":{"line":54,"column":21}},"54":{"start":{"line":55,"column":0},"end":{"line":55,"column":89}},"55":{"start":{"line":56,"column":0},"end":{"line":56,"column":7}},"56":{"start":{"line":57,"column":0},"end":{"line":57,"column":3}},"57":{"start":{"line":58,"column":0},"end":{"line":58,"column":2}},"60":{"start":{"line":61,"column":0},"end":{"line":61,"column":61}},"61":{"start":{"line":62,"column":0},"end":{"line":62,"column":59}},"62":{"start":{"line":63,"column":0},"end":{"line":63,"column":19}},"63":{"start":{"line":64,"column":0},"end":{"line":64,"column":33}},"64":{"start":{"line":65,"column":0},"end":{"line":65,"column":21}},"65":{"start":{"line":66,"column":0},"end":{"line":66,"column":68}},"66":{"start":{"line":67,"column":0},"end":{"line":67,"column":7}},"67":{"start":{"line":68,"column":0},"end":{"line":68,"column":3}},"69":{"start":{"line":70,"column":0},"end":{"line":70,"column":7}},"70":{"start":{"line":71,"column":0},"end":{"line":71,"column":53}},"71":{"start":{"line":72,"column":0},"end":{"line":72,"column":26}},"72":{"start":{"line":73,"column":0},"end":{"line":73,"column":45}},"73":{"start":{"line":74,"column":0},"end":{"line":74,"column":16}},"74":{"start":{"line":75,"column":0},"end":{"line":75,"column":7}},"75":{"start":{"line":76,"column":0},"end":{"line":76,"column":22}},"76":{"start":{"line":77,"column":0},"end":{"line":77,"column":26}},"77":{"start":{"line":78,"column":0},"end":{"line":78,"column":21}},"78":{"start":{"line":79,"column":0},"end":{"line":79,"column":86}},"79":{"start":{"line":80,"column":0},"end":{"line":80,"column":7}},"80":{"start":{"line":81,"column":0},"end":{"line":81,"column":3}},"81":{"start":{"line":82,"column":0},"end":{"line":82,"column":2}}},"s":{"1":1,"2":1,"3":1,"6":1,"7":1,"8":1,"9":1,"10":1,"11":1,"12":1,"13":1,"14":1,"15":1,"16":1,"17":1,"18":1,"19":1,"20":1,"21":1,"23":1,"24":1,"25":1,"26":1,"27":1,"28":1,"29":1,"30":1,"31":1,"32":1,"33":1,"36":1,"37":4,"38":4,"39":1,"40":1,"41":1,"42":1,"43":1,"45":3,"46":3,"47":2,"48":2,"49":2,"50":2,"51":2,"52":1,"53":1,"54":1,"55":1,"56":1,"57":4,"60":1,"61":4,"62":4,"63":1,"64":1,"65":1,"66":1,"67":1,"69":3,"70":3,"71":2,"72":2,"73":2,"74":2,"75":2,"76":1,"77":1,"78":1,"79":1,"80":1,"81":4},"branchMap":{"0":{"type":"branch","line":37,"loc":{"start":{"line":37,"column":24},"end":{"line":58,"column":2}},"locations":[{"start":{"line":37,"column":24},"end":{"line":58,"column":2}}]},"1":{"type":"branch","line":39,"loc":{"start":{"line":39,"column":18},"end":{"line":44,"column":3}},"locations":[{"start":{"line":39,"column":18},"end":{"line":44,"column":3}}]},"2":{"type":"branch","line":44,"loc":{"start":{"line":44,"column":2},"end":{"line":47,"column":54}},"locations":[{"start":{"line":44,"column":2},"end":{"line":47,"column":54}}]},"3":{"type":"branch","line":47,"loc":{"start":{"line":47,"column":52},"end":{"line":57,"column":3}},"locations":[{"start":{"line":47,"column":52},"end":{"line":57,"column":3}}]},"4":{"type":"branch","line":52,"loc":{"start":{"line":52,"column":2},"end":{"line":57,"column":3}},"locations":[{"start":{"line":52,"column":2},"end":{"line":57,"column":3}}]},"5":{"type":"branch","line":55,"loc":{"start":{"line":55,"column":47},"end":{"line":55,"column":86}},"locations":[{"start":{"line":55,"column":47},"end":{"line":55,"column":86}}]},"6":{"type":"branch","line":61,"loc":{"start":{"line":61,"column":21},"end":{"line":82,"column":2}},"locations":[{"start":{"line":61,"column":21},"end":{"line":82,"column":2}}]},"7":{"type":"branch","line":63,"loc":{"start":{"line":63,"column":18},"end":{"line":68,"column":3}},"locations":[{"start":{"line":63,"column":18},"end":{"line":68,"column":3}}]},"8":{"type":"branch","line":68,"loc":{"start":{"line":68,"column":2},"end":{"line":71,"column":53}},"locations":[{"start":{"line":68,"column":2},"end":{"line":71,"column":53}}]},"9":{"type":"branch","line":71,"loc":{"start":{"line":71,"column":51},"end":{"line":81,"column":3}},"locations":[{"start":{"line":71,"column":51},"end":{"line":81,"column":3}}]},"10":{"type":"branch","line":76,"loc":{"start":{"line":76,"column":2},"end":{"line":81,"column":3}},"locations":[{"start":{"line":76,"column":2},"end":{"line":81,"column":3}}]},"11":{"type":"branch","line":79,"loc":{"start":{"line":79,"column":47},"end":{"line":79,"column":83}},"locations":[{"start":{"line":79,"column":47},"end":{"line":79,"column":83}}]}},"b":{"0":[4],"1":[1],"2":[3],"3":[2],"4":[1],"5":[0],"6":[4],"7":[1],"8":[3],"9":[2],"10":[1],"11":[0]},"fnMap":{"0":{"name":"register","decl":{"start":{"line":37,"column":24},"end":{"line":58,"column":2}},"loc":{"start":{"line":37,"column":24},"end":{"line":58,"column":2}},"line":37},"1":{"name":"login","decl":{"start":{"line":61,"column":21},"end":{"line":82,"column":2}},"loc":{"start":{"line":61,"column":21},"end":{"line":82,"column":2}},"line":61}},"f":{"0":4,"1":4}}
,"C:\\Users\\User\\Desktop\\HARDTRAP\\backend\\src\\controllers\\product.controller.ts": {"path":"C:\\Users\\User\\Desktop\\HARDTRAP\\backend\\src\\controllers\\product.controller.ts","all":false,"statementMap":{"1":{"start":{"line":2,"column":0},"end":{"line":2,"column":22}},"2":{"start":{"line":3,"column":0},"end":{"line":3,"column":8}},"10":{"start":{"line":11,"column":0},"end":{"line":11,"column":59}},"13":{"start":{"line":14,"column":0},"end":{"line":14,"column":40}},"14":{"start":{"line":15,"column":0},"end":{"line":15,"column":49}},"15":{"start":{"line":16,"column":0},"end":{"line":16,"column":41}},"16":{"start":{"line":17,"column":0},"end":{"line":17,"column":41}},"17":{"start":{"line":18,"column":0},"end":{"line":18,"column":5}},"18":{"start":{"line":19,"column":0},"end":{"line":19,"column":56}},"19":{"start":{"line":20,"column":0},"end":{"line":20,"column":54}},"20":{"start":{"line":21,"column":0},"end":{"line":21,"column":46}},"21":{"start":{"line":22,"column":0},"end":{"line":22,"column":49}},"22":{"start":{"line":23,"column":0},"end":{"line":23,"column":42}},"23":{"start":{"line":24,"column":0},"end":{"line":24,"column":5}},"24":{"start":{"line":25,"column":0},"end":{"line":25,"column":60}},"25":{"start":{"line":26,"column":0},"end":{"line":26,"column":48}},"26":{"start":{"line":27,"column":0},"end":{"line":27,"column":59}},"27":{"start":{"line":28,"column":0},"end":{"line":28,"column":50}},"28":{"start":{"line":29,"column":0},"end":{"line":29,"column":44}},"29":{"start":{"line":30,"column":0},"end":{"line":30,"column":5}},"30":{"start":{"line":31,"column":0},"end":{"line":31,"column":3}},"32":{"start":{"line":33,"column":0},"end":{"line":33,"column":45}},"33":{"start":{"line":34,"column":0},"end":{"line":34,"column":68}},"34":{"start":{"line":35,"column":0},"end":{"line":35,"column":53}},"35":{"start":{"line":36,"column":0},"end":{"line":36,"column":55}},"36":{"start":{"line":37,"column":0},"end":{"line":37,"column":57}},"37":{"start":{"line":38,"column":0},"end":{"line":38,"column":50}},"38":{"start":{"line":39,"column":0},"end":{"line":39,"column":5}},"39":{"start":{"line":40,"column":0},"end":{"line":40,"column":3}},"41":{"start":{"line":42,"column":0},"end":{"line":42,"column":38}},"42":{"start":{"line":43,"column":0},"end":{"line":43,"column":67}},"43":{"start":{"line":44,"column":0},"end":{"line":44,"column":50}},"44":{"start":{"line":45,"column":0},"end":{"line":45,"column":52}},"45":{"start":{"line":46,"column":0},"end":{"line":46,"column":57}},"46":{"start":{"line":47,"column":0},"end":{"line":47,"column":47}},"47":{"start":{"line":48,"column":0},"end":{"line":48,"column":5}},"48":{"start":{"line":49,"column":0},"end":{"line":49,"column":3}},"50":{"start":{"line":51,"column":0},"end":{"line":51,"column":34}},"51":{"start":{"line":52,"column":0},"end":{"line":52,"column":61}},"52":{"start":{"line":53,"column":0},"end":{"line":53,"column":42}},"53":{"start":{"line":54,"column":0},"end":{"line":54,"column":44}},"54":{"start":{"line":55,"column":0},"end":{"line":55,"column":46}},"55":{"start":{"line":56,"column":0},"end":{"line":56,"column":39}},"56":{"start":{"line":57,"column":0},"end":{"line":57,"column":5}},"57":{"start":{"line":58,"column":0},"end":{"line":58,"column":3}},"60":{"start":{"line":61,"column":0},"end":{"line":61,"column":69}},"61":{"start":{"line":62,"column":0},"end":{"line":62,"column":67}},"62":{"start":{"line":63,"column":0},"end":{"line":63,"column":25}},"64":{"start":{"line":65,"column":0},"end":{"line":65,"column":7}},"65":{"start":{"line":66,"column":0},"end":{"line":66,"column":58}},"66":{"start":{"line":67,"column":0},"end":{"line":67,"column":34}},"67":{"start":{"line":68,"column":0},"end":{"line":68,"column":22}},"68":{"start":{"line":69,"column":0},"end":{"line":69,"column":98}},"69":{"start":{"line":70,"column":0},"end":{"line":70,"column":3}},"70":{"start":{"line":71,"column":0},"end":{"line":71,"column":2}},"73":{"start":{"line":74,"column":0},"end":{"line":74,"column":74}},"74":{"start":{"line":75,"column":0},"end":{"line":75,"column":72}},"75":{"start":{"line":76,"column":0},"end":{"line":76,"column":25}},"77":{"start":{"line":78,"column":0},"end":{"line":78,"column":7}},"78":{"start":{"line":79,"column":0},"end":{"line":79,"column":70}},"79":{"start":{"line":80,"column":0},"end":{"line":80,"column":91}},"80":{"start":{"line":81,"column":0},"end":{"line":81,"column":77}},"81":{"start":{"line":82,"column":0},"end":{"line":82,"column":22}},"82":{"start":{"line":83,"column":0},"end":{"line":83,"column":98}},"83":{"start":{"line":84,"column":0},"end":{"line":84,"column":3}},"84":{"start":{"line":85,"column":0},"end":{"line":85,"column":2}},"87":{"start":{"line":88,"column":0},"end":{"line":88,"column":65}},"88":{"start":{"line":89,"column":0},"end":{"line":89,"column":7}},"89":{"start":{"line":90,"column":0},"end":{"line":90,"column":48}},"90":{"start":{"line":91,"column":0},"end":{"line":91,"column":23}},"91":{"start":{"line":92,"column":0},"end":{"line":92,"column":22}},"92":{"start":{"line":93,"column":0},"end":{"line":93,"column":98}},"93":{"start":{"line":94,"column":0},"end":{"line":94,"column":3}},"94":{"start":{"line":95,"column":0},"end":{"line":95,"column":2}},"97":{"start":{"line":98,"column":0},"end":{"line":98,"column":70}},"98":{"start":{"line":99,"column":0},"end":{"line":99,"column":71}},"99":{"start":{"line":100,"column":0},"end":{"line":100,"column":25}},"101":{"start":{"line":102,"column":0},"end":{"line":102,"column":7}},"102":{"start":{"line":103,"column":0},"end":{"line":103,"column":62}},"103":{"start":{"line":104,"column":0},"end":{"line":104,"column":22}},"104":{"start":{"line":105,"column":0},"end":{"line":105,"column":22}},"105":{"start":{"line":106,"column":0},"end":{"line":106,"column":98}},"106":{"start":{"line":107,"column":0},"end":{"line":107,"column":3}},"107":{"start":{"line":108,"column":0},"end":{"line":108,"column":2}},"110":{"start":{"line":111,"column":0},"end":{"line":111,"column":67}},"111":{"start":{"line":112,"column":0},"end":{"line":112,"column":73}},"112":{"start":{"line":113,"column":0},"end":{"line":113,"column":27}},"114":{"start":{"line":115,"column":0},"end":{"line":115,"column":69}},"115":{"start":{"line":116,"column":0},"end":{"line":116,"column":29}},"117":{"start":{"line":118,"column":0},"end":{"line":118,"column":7}},"118":{"start":{"line":119,"column":0},"end":{"line":119,"column":97}},"119":{"start":{"line":120,"column":0},"end":{"line":120,"column":60}},"120":{"start":{"line":121,"column":0},"end":{"line":121,"column":22}},"121":{"start":{"line":122,"column":0},"end":{"line":122,"column":98}},"122":{"start":{"line":123,"column":0},"end":{"line":123,"column":3}},"123":{"start":{"line":124,"column":0},"end":{"line":124,"column":2}},"126":{"start":{"line":127,"column":0},"end":{"line":127,"column":69}},"127":{"start":{"line":128,"column":0},"end":{"line":128,"column":71}},"128":{"start":{"line":129,"column":0},"end":{"line":129,"column":25}},"130":{"start":{"line":131,"column":0},"end":{"line":131,"column":7}},"131":{"start":{"line":132,"column":0},"end":{"line":132,"column":45}},"132":{"start":{"line":133,"column":0},"end":{"line":133,"column":58}},"133":{"start":{"line":134,"column":0},"end":{"line":134,"column":22}},"134":{"start":{"line":135,"column":0},"end":{"line":135,"column":98}},"135":{"start":{"line":136,"column":0},"end":{"line":136,"column":3}},"136":{"start":{"line":137,"column":0},"end":{"line":137,"column":2}}},"s":{"1":1,"2":1,"10":1,"13":1,"14":1,"15":1,"16":1,"17":1,"18":1,"19":1,"20":1,"21":1,"22":1,"23":1,"24":1,"25":1,"26":1,"27":1,"28":1,"29":1,"30":1,"32":1,"33":1,"34":1,"35":1,"36":1,"37":1,"38":1,"39":1,"41":1,"42":1,"43":1,"44":1,"45":1,"46":1,"47":1,"48":1,"50":1,"51":1,"52":1,"53":1,"54":1,"55":1,"56":1,"57":1,"60":1,"61":2,"62":2,"64":2,"65":2,"66":1,"67":1,"68":1,"69":1,"70":2,"73":1,"74":2,"75":2,"77":2,"78":2,"79":2,"80":1,"81":1,"82":1,"83":1,"84":2,"87":1,"88":2,"89":2,"90":1,"91":1,"92":1,"93":1,"94":2,"97":1,"98":2,"99":2,"101":2,"102":2,"103":1,"104":1,"105":1,"106":1,"107":2,"110":1,"111":2,"112":2,"114":2,"115":2,"117":2,"118":2,"119":1,"120":1,"121":1,"122":1,"123":2,"126":1,"127":2,"128":2,"130":2,"131":2,"132":1,"133":1,"134":1,"135":1,"136":2},"branchMap":{"0":{"type":"branch","line":61,"loc":{"start":{"line":61,"column":29},"end":{"line":71,"column":2}},"locations":[{"start":{"line":61,"column":29},"end":{"line":71,"column":2}}]},"1":{"type":"branch","line":63,"loc":{"start":{"line":63,"column":18},"end":{"line":63,"column":25}},"locations":[{"start":{"line":63,"column":18},"end":{"line":63,"column":25}}]},"2":{"type":"branch","line":66,"loc":{"start":{"line":66,"column":56},"end":{"line":70,"column":3}},"locations":[{"start":{"line":66,"column":56},"end":{"line":70,"column":3}}]},"3":{"type":"branch","line":74,"loc":{"start":{"line":74,"column":34},"end":{"line":85,"column":2}},"locations":[{"start":{"line":74,"column":34},"end":{"line":85,"column":2}}]},"4":{"type":"branch","line":76,"loc":{"start":{"line":76,"column":18},"end":{"line":76,"column":25}},"locations":[{"start":{"line":76,"column":18},"end":{"line":76,"column":25}}]},"5":{"type":"branch","line":80,"loc":{"start":{"line":80,"column":73},"end":{"line":80,"column":87}},"locations":[{"start":{"line":80,"column":73},"end":{"line":80,"column":87}}]},"6":{"type":"branch","line":80,"loc":{"start":{"line":80,"column":89},"end":{"line":84,"column":3}},"locations":[{"start":{"line":80,"column":89},"end":{"line":84,"column":3}}]},"7":{"type":"branch","line":88,"loc":{"start":{"line":88,"column":27},"end":{"line":95,"column":2}},"locations":[{"start":{"line":88,"column":27},"end":{"line":95,"column":2}}]},"8":{"type":"branch","line":90,"loc":{"start":{"line":90,"column":46},"end":{"line":94,"column":3}},"locations":[{"start":{"line":90,"column":46},"end":{"line":94,"column":3}}]},"9":{"type":"branch","line":98,"loc":{"start":{"line":98,"column":30},"end":{"line":108,"column":2}},"locations":[{"start":{"line":98,"column":30},"end":{"line":108,"column":2}}]},"10":{"type":"branch","line":100,"loc":{"start":{"line":100,"column":18},"end":{"line":100,"column":25}},"locations":[{"start":{"line":100,"column":18},"end":{"line":100,"column":25}}]},"11":{"type":"branch","line":103,"loc":{"start":{"line":103,"column":60},"end":{"line":107,"column":3}},"locations":[{"start":{"line":103,"column":60},"end":{"line":107,"column":3}}]},"12":{"type":"branch","line":111,"loc":{"start":{"line":111,"column":27},"end":{"line":124,"column":2}},"locations":[{"start":{"line":111,"column":27},"end":{"line":124,"column":2}}]},"13":{"type":"branch","line":113,"loc":{"start":{"line":113,"column":20},"end":{"line":113,"column":27}},"locations":[{"start":{"line":113,"column":20},"end":{"line":113,"column":27}}]},"14":{"type":"branch","line":116,"loc":{"start":{"line":116,"column":22},"end":{"line":116,"column":29}},"locations":[{"start":{"line":116,"column":22},"end":{"line":116,"column":29}}]},"15":{"type":"branch","line":119,"loc":{"start":{"line":119,"column":95},"end":{"line":123,"column":3}},"locations":[{"start":{"line":119,"column":95},"end":{"line":123,"column":3}}]},"16":{"type":"branch","line":127,"loc":{"start":{"line":127,"column":29},"end":{"line":137,"column":2}},"locations":[{"start":{"line":127,"column":29},"end":{"line":137,"column":2}}]},"17":{"type":"branch","line":129,"loc":{"start":{"line":129,"column":18},"end":{"line":129,"column":25}},"locations":[{"start":{"line":129,"column":18},"end":{"line":129,"column":25}}]},"18":{"type":"branch","line":132,"loc":{"start":{"line":132,"column":43},"end":{"line":136,"column":3}},"locations":[{"start":{"line":132,"column":43},"end":{"line":136,"column":3}}]}},"b":{"0":[2],"1":[0],"2":[1],"3":[2],"4":[0],"5":[0],"6":[1],"7":[2],"8":[1],"9":[2],"10":[0],"11":[1],"12":[2],"13":[0],"14":[0],"15":[1],"16":[2],"17":[0],"18":[1]},"fnMap":{"0":{"name":"createProduct","decl":{"start":{"line":61,"column":29},"end":{"line":71,"column":2}},"loc":{"start":{"line":61,"column":29},"end":{"line":71,"column":2}},"line":61},"1":{"name":"uploadProductImage","decl":{"start":{"line":74,"column":34},"end":{"line":85,"column":2}},"loc":{"start":{"line":74,"column":34},"end":{"line":85,"column":2}},"line":74},"2":{"name":"getProducts","decl":{"start":{"line":88,"column":27},"end":{"line":95,"column":2}},"loc":{"start":{"line":88,"column":27},"end":{"line":95,"column":2}},"line":88},"3":{"name":"getProductById","decl":{"start":{"line":98,"column":30},"end":{"line":108,"column":2}},"loc":{"start":{"line":98,"column":30},"end":{"line":108,"column":2}},"line":98},"4":{"name":"updateStock","decl":{"start":{"line":111,"column":27},"end":{"line":124,"column":2}},"loc":{"start":{"line":111,"column":27},"end":{"line":124,"column":2}},"line":111},"5":{"name":"deleteProduct","decl":{"start":{"line":127,"column":29},"end":{"line":137,"column":2}},"loc":{"start":{"line":127,"column":29},"end":{"line":137,"column":2}},"line":127}},"f":{"0":2,"1":2,"2":2,"3":2,"4":2,"5":2}}
,"C:\\Users\\User\\Desktop\\HARDTRAP\\backend\\src\\controllers\\shipping.controller.ts": {"path":"C:\\Users\\User\\Desktop\\HARDTRAP\\backend\\src\\controllers\\shipping.controller.ts","all":false,"statementMap":{"1":{"start":{"line":2,"column":0},"end":{"line":2,"column":72}},"3":{"start":{"line":4,"column":0},"end":{"line":4,"column":73}},"4":{"start":{"line":5,"column":0},"end":{"line":5,"column":7}},"5":{"start":{"line":6,"column":0},"end":{"line":6,"column":34}},"6":{"start":{"line":7,"column":0},"end":{"line":7,"column":64}},"7":{"start":{"line":8,"column":0},"end":{"line":8,"column":21}},"8":{"start":{"line":9,"column":0},"end":{"line":9,"column":24}},"9":{"start":{"line":10,"column":0},"end":{"line":10,"column":69}},"10":{"start":{"line":11,"column":0},"end":{"line":11,"column":63}},"11":{"start":{"line":12,"column":0},"end":{"line":12,"column":3}},"12":{"start":{"line":13,"column":0},"end":{"line":13,"column":2}}},"s":{"1":1,"3":1,"4":0,"5":0,"6":0,"7":0,"8":0,"9":0,"10":0,"11":0,"12":0},"branchMap":{},"b":{},"fnMap":{"0":{"name":"calculateShipping","decl":{"start":{"line":4,"column":33},"end":{"line":13,"column":2}},"loc":{"start":{"line":4,"column":33},"end":{"line":13,"column":2}},"line":4}},"f":{"0":0}}
,"C:\\Users\\User\\Desktop\\HARDTRAP\\backend\\src\\controllers\\shopController.ts": {"path":"C:\\Users\\User\\Desktop\\HARDTRAP\\backend\\src\\controllers\\shopController.ts","all":false,"statementMap":{"2":{"start":{"line":3,"column":0},"end":{"line":3,"column":56}},"3":{"start":{"line":4,"column":0},"end":{"line":4,"column":58}},"4":{"start":{"line":5,"column":0},"end":{"line":5,"column":62}},"6":{"start":{"line":7,"column":0},"end":{"line":7,"column":67}},"7":{"start":{"line":8,"column":0},"end":{"line":8,"column":34}},"8":{"start":{"line":9,"column":0},"end":{"line":9,"column":7}},"9":{"start":{"line":10,"column":0},"end":{"line":10,"column":55}},"10":{"start":{"line":11,"column":0},"end":{"line":11,"column":31}},"11":{"start":{"line":12,"column":0},"end":{"line":12,"column":22}},"12":{"start":{"line":13,"column":0},"end":{"line":13,"column":23}},"13":{"start":{"line":14,"column":0},"end":{"line":14,"column":63}},"14":{"start":{"line":15,"column":0},"end":{"line":15,"column":3}},"15":{"start":{"line":16,"column":0},"end":{"line":16,"column":2}},"17":{"start":{"line":18,"column":0},"end":{"line":18,"column":69}},"18":{"start":{"line":19,"column":0},"end":{"line":19,"column":34}},"19":{"start":{"line":20,"column":0},"end":{"line":20,"column":43}},"21":{"start":{"line":22,"column":0},"end":{"line":22,"column":7}},"23":{"start":{"line":24,"column":0},"end":{"line":24,"column":82}},"24":{"start":{"line":25,"column":0},"end":{"line":25,"column":23}},"25":{"start":{"line":26,"column":0},"end":{"line":26,"column":22}},"26":{"start":{"line":27,"column":0},"end":{"line":27,"column":23}},"27":{"start":{"line":28,"column":0},"end":{"line":28,"column":49}},"28":{"start":{"line":29,"column":0},"end":{"line":29,"column":3}},"29":{"start":{"line":30,"column":0},"end":{"line":30,"column":2}},"31":{"start":{"line":32,"column":0},"end":{"line":32,"column":74}},"32":{"start":{"line":33,"column":0},"end":{"line":33,"column":34}},"33":{"start":{"line":34,"column":0},"end":{"line":34,"column":32}},"35":{"start":{"line":36,"column":0},"end":{"line":36,"column":7}},"36":{"start":{"line":37,"column":0},"end":{"line":37,"column":80}},"37":{"start":{"line":38,"column":0},"end":{"line":38,"column":21}},"38":{"start":{"line":39,"column":0},"end":{"line":39,"column":22}},"39":{"start":{"line":40,"column":0},"end":{"line":40,"column":23}},"40":{"start":{"line":41,"column":0},"end":{"line":41,"column":49}},"41":{"start":{"line":42,"column":0},"end":{"line":42,"column":3}},"42":{"start":{"line":43,"column":0},"end":{"line":43,"column":2}},"44":{"start":{"line":45,"column":0},"end":{"line":45,"column":72}},"45":{"start":{"line":46,"column":0},"end":{"line":46,"column":34}},"47":{"start":{"line":48,"column":0},"end":{"line":48,"column":7}},"48":{"start":{"line":49,"column":0},"end":{"line":49,"column":62}},"49":{"start":{"line":50,"column":0},"end":{"line":50,"column":67}},"50":{"start":{"line":51,"column":0},"end":{"line":51,"column":22}},"51":{"start":{"line":52,"column":0},"end":{"line":52,"column":23}},"52":{"start":{"line":53,"column":0},"end":{"line":53,"column":49}},"53":{"start":{"line":54,"column":0},"end":{"line":54,"column":3}},"54":{"start":{"line":55,"column":0},"end":{"line":55,"column":2}},"56":{"start":{"line":57,"column":0},"end":{"line":57,"column":71}},"57":{"start":{"line":58,"column":0},"end":{"line":58,"column":34}},"58":{"start":{"line":59,"column":0},"end":{"line":59,"column":29}},"60":{"start":{"line":61,"column":0},"end":{"line":61,"column":7}},"61":{"start":{"line":62,"column":0},"end":{"line":62,"column":70}},"62":{"start":{"line":63,"column":0},"end":{"line":63,"column":62}},"63":{"start":{"line":64,"column":0},"end":{"line":64,"column":22}},"64":{"start":{"line":65,"column":0},"end":{"line":65,"column":23}},"65":{"start":{"line":66,"column":0},"end":{"line":66,"column":49}},"66":{"start":{"line":67,"column":0},"end":{"line":67,"column":3}},"67":{"start":{"line":68,"column":0},"end":{"line":68,"column":2}},"69":{"start":{"line":70,"column":0},"end":{"line":70,"column":73}},"70":{"start":{"line":71,"column":0},"end":{"line":71,"column":34}},"72":{"start":{"line":73,"column":0},"end":{"line":73,"column":7}},"73":{"start":{"line":74,"column":0},"end":{"line":74,"column":60}},"74":{"start":{"line":75,"column":0},"end":{"line":75,"column":21}},"75":{"start":{"line":76,"column":0},"end":{"line":76,"column":22}},"76":{"start":{"line":77,"column":0},"end":{"line":77,"column":23}},"77":{"start":{"line":78,"column":0},"end":{"line":78,"column":62}},"78":{"start":{"line":79,"column":0},"end":{"line":79,"column":3}},"79":{"start":{"line":80,"column":0},"end":{"line":80,"column":2}},"81":{"start":{"line":82,"column":0},"end":{"line":82,"column":72}},"82":{"start":{"line":83,"column":0},"end":{"line":83,"column":34}},"83":{"start":{"line":84,"column":0},"end":{"line":84,"column":28}},"85":{"start":{"line":86,"column":0},"end":{"line":86,"column":7}},"86":{"start":{"line":87,"column":0},"end":{"line":87,"column":70}},"87":{"start":{"line":88,"column":0},"end":{"line":88,"column":20}},"88":{"start":{"line":89,"column":0},"end":{"line":89,"column":22}},"89":{"start":{"line":90,"column":0},"end":{"line":90,"column":23}},"90":{"start":{"line":91,"column":0},"end":{"line":91,"column":49}},"91":{"start":{"line":92,"column":0},"end":{"line":92,"column":3}},"92":{"start":{"line":93,"column":0},"end":{"line":93,"column":2}},"94":{"start":{"line":95,"column":0},"end":{"line":95,"column":79}},"95":{"start":{"line":96,"column":0},"end":{"line":96,"column":34}},"96":{"start":{"line":97,"column":0},"end":{"line":97,"column":31}},"98":{"start":{"line":99,"column":0},"end":{"line":99,"column":7}},"99":{"start":{"line":100,"column":0},"end":{"line":100,"column":73}},"100":{"start":{"line":101,"column":0},"end":{"line":101,"column":13}},"101":{"start":{"line":102,"column":0},"end":{"line":102,"column":21}},"102":{"start":{"line":103,"column":0},"end":{"line":103,"column":6}},"103":{"start":{"line":104,"column":0},"end":{"line":104,"column":28}},"104":{"start":{"line":105,"column":0},"end":{"line":105,"column":22}},"105":{"start":{"line":106,"column":0},"end":{"line":106,"column":23}},"106":{"start":{"line":107,"column":0},"end":{"line":107,"column":49}},"107":{"start":{"line":108,"column":0},"end":{"line":108,"column":3}},"108":{"start":{"line":109,"column":0},"end":{"line":109,"column":2}}},"s":{"2":1,"3":1,"4":1,"6":1,"7":2,"8":2,"9":2,"10":1,"11":1,"12":1,"13":1,"14":1,"15":2,"17":1,"18":3,"19":3,"21":3,"23":3,"24":2,"25":2,"26":1,"27":1,"28":1,"29":3,"31":1,"32":2,"33":2,"35":2,"36":2,"37":1,"38":1,"39":1,"40":1,"41":1,"42":2,"44":1,"45":3,"47":3,"48":3,"49":2,"50":2,"51":1,"52":1,"53":1,"54":3,"56":1,"57":2,"58":2,"60":2,"61":2,"62":1,"63":1,"64":1,"65":1,"66":1,"67":2,"69":1,"70":3,"72":3,"73":3,"74":2,"75":2,"76":1,"77":1,"78":1,"79":3,"81":1,"82":3,"83":3,"85":3,"86":3,"87":2,"88":2,"89":1,"90":1,"91":1,"92":3,"94":1,"95":2,"96":2,"98":2,"99":2,"100":2,"101":2,"102":2,"103":1,"104":1,"105":1,"106":1,"107":1,"108":2},"branchMap":{"0":{"type":"branch","line":7,"loc":{"start":{"line":7,"column":23},"end":{"line":16,"column":2}},"locations":[{"start":{"line":7,"column":23},"end":{"line":16,"column":2}}]},"1":{"type":"branch","line":10,"loc":{"start":{"line":10,"column":53},"end":{"line":15,"column":3}},"locations":[{"start":{"line":10,"column":53},"end":{"line":15,"column":3}}]},"2":{"type":"branch","line":18,"loc":{"start":{"line":18,"column":25},"end":{"line":30,"column":2}},"locations":[{"start":{"line":18,"column":25},"end":{"line":30,"column":2}}]},"3":{"type":"branch","line":24,"loc":{"start":{"line":24,"column":80},"end":{"line":29,"column":3}},"locations":[{"start":{"line":24,"column":80},"end":{"line":29,"column":3}}]},"4":{"type":"branch","line":26,"loc":{"start":{"line":26,"column":2},"end":{"line":29,"column":3}},"locations":[{"start":{"line":26,"column":2},"end":{"line":29,"column":3}}]},"5":{"type":"branch","line":32,"loc":{"start":{"line":32,"column":30},"end":{"line":43,"column":2}},"locations":[{"start":{"line":32,"column":30},"end":{"line":43,"column":2}}]},"6":{"type":"branch","line":37,"loc":{"start":{"line":37,"column":78},"end":{"line":42,"column":3}},"locations":[{"start":{"line":37,"column":78},"end":{"line":42,"column":3}}]},"7":{"type":"branch","line":45,"loc":{"start":{"line":45,"column":28},"end":{"line":55,"column":2}},"locations":[{"start":{"line":45,"column":28},"end":{"line":55,"column":2}}]},"8":{"type":"branch","line":49,"loc":{"start":{"line":49,"column":60},"end":{"line":54,"column":3}},"locations":[{"start":{"line":49,"column":60},"end":{"line":54,"column":3}}]},"9":{"type":"branch","line":51,"loc":{"start":{"line":51,"column":2},"end":{"line":54,"column":3}},"locations":[{"start":{"line":51,"column":2},"end":{"line":54,"column":3}}]},"10":{"type":"branch","line":57,"loc":{"start":{"line":57,"column":27},"end":{"line":68,"column":2}},"locations":[{"start":{"line":57,"column":27},"end":{"line":68,"column":2}}]},"11":{"type":"branch","line":62,"loc":{"start":{"line":62,"column":68},"end":{"line":67,"column":3}},"locations":[{"start":{"line":62,"column":68},"end":{"line":67,"column":3}}]},"12":{"type":"branch","line":70,"loc":{"start":{"line":70,"column":29},"end":{"line":80,"column":2}},"locations":[{"start":{"line":70,"column":29},"end":{"line":80,"column":2}}]},"13":{"type":"branch","line":74,"loc":{"start":{"line":74,"column":58},"end":{"line":79,"column":3}},"locations":[{"start":{"line":74,"column":58},"end":{"line":79,"column":3}}]},"14":{"type":"branch","line":76,"loc":{"start":{"line":76,"column":2},"end":{"line":79,"column":3}},"locations":[{"start":{"line":76,"column":2},"end":{"line":79,"column":3}}]},"15":{"type":"branch","line":82,"loc":{"start":{"line":82,"column":28},"end":{"line":93,"column":2}},"locations":[{"start":{"line":82,"column":28},"end":{"line":93,"column":2}}]},"16":{"type":"branch","line":87,"loc":{"start":{"line":87,"column":68},"end":{"line":92,"column":3}},"locations":[{"start":{"line":87,"column":68},"end":{"line":92,"column":3}}]},"17":{"type":"branch","line":89,"loc":{"start":{"line":89,"column":2},"end":{"line":92,"column":3}},"locations":[{"start":{"line":89,"column":2},"end":{"line":92,"column":3}}]},"18":{"type":"branch","line":95,"loc":{"start":{"line":95,"column":35},"end":{"line":109,"column":2}},"locations":[{"start":{"line":95,"column":35},"end":{"line":109,"column":2}}]},"19":{"type":"branch","line":103,"loc":{"start":{"line":103,"column":4},"end":{"line":108,"column":3}},"locations":[{"start":{"line":103,"column":4},"end":{"line":108,"column":3}}]}},"b":{"0":[2],"1":[1],"2":[3],"3":[2],"4":[1],"5":[2],"6":[1],"7":[3],"8":[2],"9":[1],"10":[2],"11":[1],"12":[3],"13":[2],"14":[1],"15":[3],"16":[2],"17":[1],"18":[2],"19":[1]},"fnMap":{"0":{"name":"getCart","decl":{"start":{"line":7,"column":23},"end":{"line":16,"column":2}},"loc":{"start":{"line":7,"column":23},"end":{"line":16,"column":2}},"line":7},"1":{"name":"addToCart","decl":{"start":{"line":18,"column":25},"end":{"line":30,"column":2}},"loc":{"start":{"line":18,"column":25},"end":{"line":30,"column":2}},"line":18},"2":{"name":"removeFromCart","decl":{"start":{"line":32,"column":30},"end":{"line":43,"column":2}},"loc":{"start":{"line":32,"column":30},"end":{"line":43,"column":2}},"line":32},"3":{"name":"checkoutCart","decl":{"start":{"line":45,"column":28},"end":{"line":55,"column":2}},"loc":{"start":{"line":45,"column":28},"end":{"line":55,"column":2}},"line":45},"4":{"name":"createOrder","decl":{"start":{"line":57,"column":27},"end":{"line":68,"column":2}},"loc":{"start":{"line":57,"column":27},"end":{"line":68,"column":2}},"line":57},"5":{"name":"getUserOrders","decl":{"start":{"line":70,"column":29},"end":{"line":80,"column":2}},"loc":{"start":{"line":70,"column":29},"end":{"line":80,"column":2}},"line":70},"6":{"name":"getOrderById","decl":{"start":{"line":82,"column":28},"end":{"line":93,"column":2}},"loc":{"start":{"line":82,"column":28},"end":{"line":93,"column":2}},"line":82},"7":{"name":"createStripePayment","decl":{"start":{"line":95,"column":35},"end":{"line":109,"column":2}},"loc":{"start":{"line":95,"column":35},"end":{"line":109,"column":2}},"line":95}},"f":{"0":2,"1":3,"2":2,"3":3,"4":2,"5":3,"6":3,"7":2}}
,"C:\\Users\\User\\Desktop\\HARDTRAP\\backend\\src\\controllers\\upload.controller.ts": {"path":"C:\\Users\\User\\Desktop\\HARDTRAP\\backend\\src\\controllers\\upload.controller.ts","all":false,"statementMap":{"1":{"start":{"line":2,"column":0},"end":{"line":2,"column":57}},"3":{"start":{"line":4,"column":0},"end":{"line":4,"column":67}},"4":{"start":{"line":5,"column":0},"end":{"line":5,"column":7}},"5":{"start":{"line":6,"column":0},"end":{"line":6,"column":20}},"6":{"start":{"line":7,"column":0},"end":{"line":7,"column":35}},"7":{"start":{"line":8,"column":0},"end":{"line":8,"column":23}},"8":{"start":{"line":9,"column":0},"end":{"line":9,"column":41}},"9":{"start":{"line":10,"column":0},"end":{"line":10,"column":9}},"10":{"start":{"line":11,"column":0},"end":{"line":11,"column":5}},"12":{"start":{"line":13,"column":0},"end":{"line":13,"column":75}},"14":{"start":{"line":15,"column":0},"end":{"line":15,"column":33}},"15":{"start":{"line":16,"column":0},"end":{"line":16,"column":20}},"16":{"start":{"line":17,"column":0},"end":{"line":17,"column":20}},"17":{"start":{"line":18,"column":0},"end":{"line":18,"column":7}},"18":{"start":{"line":19,"column":0},"end":{"line":19,"column":22}},"19":{"start":{"line":20,"column":0},"end":{"line":20,"column":50}},"20":{"start":{"line":21,"column":0},"end":{"line":21,"column":33}},"21":{"start":{"line":22,"column":0},"end":{"line":22,"column":21}},"22":{"start":{"line":23,"column":0},"end":{"line":23,"column":47}},"23":{"start":{"line":24,"column":0},"end":{"line":24,"column":7}},"24":{"start":{"line":25,"column":0},"end":{"line":25,"column":3}},"25":{"start":{"line":26,"column":0},"end":{"line":26,"column":2}}},"s":{"1":1,"3":1,"4":4,"5":4,"6":2,"7":2,"8":2,"9":2,"10":2,"12":2,"14":1,"15":1,"16":1,"17":1,"18":1,"19":1,"20":1,"21":1,"22":1,"23":1,"24":1,"25":4},"branchMap":{"0":{"type":"branch","line":4,"loc":{"start":{"line":4,"column":27},"end":{"line":26,"column":2}},"locations":[{"start":{"line":4,"column":27},"end":{"line":26,"column":2}}]},"1":{"type":"branch","line":6,"loc":{"start":{"line":6,"column":19},"end":{"line":13,"column":75}},"locations":[{"start":{"line":6,"column":19},"end":{"line":13,"column":75}}]},"2":{"type":"branch","line":13,"loc":{"start":{"line":13,"column":73},"end":{"line":25,"column":3}},"locations":[{"start":{"line":13,"column":73},"end":{"line":25,"column":3}}]}},"b":{"0":[4],"1":[2],"2":[1]},"fnMap":{"0":{"name":"uploadImage","decl":{"start":{"line":4,"column":27},"end":{"line":26,"column":2}},"loc":{"start":{"line":4,"column":27},"end":{"line":26,"column":2}},"line":4}},"f":{"0":4}}
,"C:\\Users\\User\\Desktop\\HARDTRAP\\backend\\src\\controllers\\user.controller.ts": {"path":"C:\\Users\\User\\Desktop\\HARDTRAP\\backend\\src\\controllers\\user.controller.ts","all":false,"statementMap":{"1":{"start":{"line":2,"column":0},"end":{"line":2,"column":22}},"2":{"start":{"line":3,"column":0},"end":{"line":3,"column":56}},"3":{"start":{"line":4,"column":0},"end":{"line":4,"column":59}},"6":{"start":{"line":7,"column":0},"end":{"line":7,"column":34}},"7":{"start":{"line":8,"column":0},"end":{"line":8,"column":61}},"8":{"start":{"line":9,"column":0},"end":{"line":9,"column":43}},"9":{"start":{"line":10,"column":0},"end":{"line":10,"column":46}},"10":{"start":{"line":11,"column":0},"end":{"line":11,"column":39}},"11":{"start":{"line":12,"column":0},"end":{"line":12,"column":5}},"12":{"start":{"line":13,"column":0},"end":{"line":13,"column":3}},"14":{"start":{"line":15,"column":0},"end":{"line":15,"column":37}},"15":{"start":{"line":16,"column":0},"end":{"line":16,"column":49}},"16":{"start":{"line":17,"column":0},"end":{"line":17,"column":48}},"17":{"start":{"line":18,"column":0},"end":{"line":18,"column":5}},"18":{"start":{"line":19,"column":0},"end":{"line":19,"column":51}},"19":{"start":{"line":20,"column":0},"end":{"line":20,"column":38}},"20":{"start":{"line":21,"column":0},"end":{"line":21,"column":5}},"21":{"start":{"line":22,"column":0},"end":{"line":22,"column":53}},"22":{"start":{"line":23,"column":0},"end":{"line":23,"column":61}},"23":{"start":{"line":24,"column":0},"end":{"line":24,"column":5}},"24":{"start":{"line":25,"column":0},"end":{"line":25,"column":3}},"26":{"start":{"line":27,"column":0},"end":{"line":27,"column":37}},"27":{"start":{"line":28,"column":0},"end":{"line":28,"column":49}},"28":{"start":{"line":29,"column":0},"end":{"line":29,"column":48}},"29":{"start":{"line":30,"column":0},"end":{"line":30,"column":48}},"30":{"start":{"line":31,"column":0},"end":{"line":31,"column":5}},"31":{"start":{"line":32,"column":0},"end":{"line":32,"column":3}},"33":{"start":{"line":34,"column":0},"end":{"line":34,"column":41}},"34":{"start":{"line":35,"column":0},"end":{"line":35,"column":51}},"35":{"start":{"line":36,"column":0},"end":{"line":36,"column":38}},"36":{"start":{"line":37,"column":0},"end":{"line":37,"column":43}},"37":{"start":{"line":38,"column":0},"end":{"line":38,"column":5}},"38":{"start":{"line":39,"column":0},"end":{"line":39,"column":3}},"40":{"start":{"line":41,"column":0},"end":{"line":41,"column":40}},"41":{"start":{"line":42,"column":0},"end":{"line":42,"column":43}},"42":{"start":{"line":43,"column":0},"end":{"line":43,"column":42}},"43":{"start":{"line":44,"column":0},"end":{"line":44,"column":42}},"44":{"start":{"line":45,"column":0},"end":{"line":45,"column":5}},"45":{"start":{"line":46,"column":0},"end":{"line":46,"column":56}},"46":{"start":{"line":47,"column":0},"end":{"line":47,"column":66}},"47":{"start":{"line":48,"column":0},"end":{"line":48,"column":47}},"48":{"start":{"line":49,"column":0},"end":{"line":49,"column":5}},"49":{"start":{"line":50,"column":0},"end":{"line":50,"column":3}},"52":{"start":{"line":53,"column":0},"end":{"line":53,"column":65}},"53":{"start":{"line":54,"column":0},"end":{"line":54,"column":7}},"54":{"start":{"line":55,"column":0},"end":{"line":55,"column":50}},"55":{"start":{"line":56,"column":0},"end":{"line":56,"column":20}},"56":{"start":{"line":57,"column":0},"end":{"line":57,"column":22}},"57":{"start":{"line":58,"column":0},"end":{"line":58,"column":49}},"58":{"start":{"line":59,"column":0},"end":{"line":59,"column":3}},"59":{"start":{"line":60,"column":0},"end":{"line":60,"column":2}},"62":{"start":{"line":63,"column":0},"end":{"line":63,"column":67}},"63":{"start":{"line":64,"column":0},"end":{"line":64,"column":68}},"64":{"start":{"line":65,"column":0},"end":{"line":65,"column":22}},"66":{"start":{"line":67,"column":0},"end":{"line":67,"column":7}},"67":{"start":{"line":68,"column":0},"end":{"line":68,"column":65}},"68":{"start":{"line":69,"column":0},"end":{"line":69,"column":19}},"69":{"start":{"line":70,"column":0},"end":{"line":70,"column":22}},"70":{"start":{"line":71,"column":0},"end":{"line":71,"column":49}},"71":{"start":{"line":72,"column":0},"end":{"line":72,"column":3}},"72":{"start":{"line":73,"column":0},"end":{"line":73,"column":2}},"75":{"start":{"line":76,"column":0},"end":{"line":76,"column":66}},"76":{"start":{"line":77,"column":0},"end":{"line":77,"column":68}},"77":{"start":{"line":78,"column":0},"end":{"line":78,"column":22}},"79":{"start":{"line":80,"column":0},"end":{"line":80,"column":59}},"80":{"start":{"line":81,"column":0},"end":{"line":81,"column":20}},"82":{"start":{"line":83,"column":0},"end":{"line":83,"column":7}},"83":{"start":{"line":84,"column":0},"end":{"line":84,"column":70}},"84":{"start":{"line":85,"column":0},"end":{"line":85,"column":19}},"85":{"start":{"line":86,"column":0},"end":{"line":86,"column":22}},"86":{"start":{"line":87,"column":0},"end":{"line":87,"column":49}},"87":{"start":{"line":88,"column":0},"end":{"line":88,"column":3}},"88":{"start":{"line":89,"column":0},"end":{"line":89,"column":2}},"91":{"start":{"line":92,"column":0},"end":{"line":92,"column":81}},"92":{"start":{"line":93,"column":0},"end":{"line":93,"column":68}},"93":{"start":{"line":94,"column":0},"end":{"line":94,"column":22}},"95":{"start":{"line":96,"column":0},"end":{"line":96,"column":7}},"96":{"start":{"line":97,"column":0},"end":{"line":97,"column":65}},"97":{"start":{"line":98,"column":0},"end":{"line":98,"column":154}},"98":{"start":{"line":99,"column":0},"end":{"line":99,"column":32}},"99":{"start":{"line":100,"column":0},"end":{"line":100,"column":22}},"100":{"start":{"line":101,"column":0},"end":{"line":101,"column":49}},"101":{"start":{"line":102,"column":0},"end":{"line":102,"column":3}},"102":{"start":{"line":103,"column":0},"end":{"line":103,"column":2}},"105":{"start":{"line":106,"column":0},"end":{"line":106,"column":66}},"106":{"start":{"line":107,"column":0},"end":{"line":107,"column":68}},"107":{"start":{"line":108,"column":0},"end":{"line":108,"column":22}},"109":{"start":{"line":110,"column":0},"end":{"line":110,"column":59}},"110":{"start":{"line":111,"column":0},"end":{"line":111,"column":20}},"112":{"start":{"line":113,"column":0},"end":{"line":113,"column":7}},"113":{"start":{"line":114,"column":0},"end":{"line":114,"column":84}},"114":{"start":{"line":115,"column":0},"end":{"line":115,"column":21}},"115":{"start":{"line":116,"column":0},"end":{"line":116,"column":22}},"116":{"start":{"line":117,"column":0},"end":{"line":117,"column":49}},"117":{"start":{"line":118,"column":0},"end":{"line":118,"column":3}},"118":{"start":{"line":119,"column":0},"end":{"line":119,"column":2}},"121":{"start":{"line":122,"column":0},"end":{"line":122,"column":70}},"122":{"start":{"line":123,"column":0},"end":{"line":123,"column":63}},"123":{"start":{"line":124,"column":0},"end":{"line":124,"column":20}},"125":{"start":{"line":126,"column":0},"end":{"line":126,"column":7}},"126":{"start":{"line":127,"column":0},"end":{"line":127,"column":68}},"127":{"start":{"line":128,"column":0},"end":{"line":128,"column":21}},"128":{"start":{"line":129,"column":0},"end":{"line":129,"column":22}},"129":{"start":{"line":130,"column":0},"end":{"line":130,"column":49}},"130":{"start":{"line":131,"column":0},"end":{"line":131,"column":3}},"131":{"start":{"line":132,"column":0},"end":{"line":132,"column":2}},"134":{"start":{"line":135,"column":0},"end":{"line":135,"column":69}},"135":{"start":{"line":136,"column":0},"end":{"line":136,"column":62}},"136":{"start":{"line":137,"column":0},"end":{"line":137,"column":20}},"138":{"start":{"line":139,"column":0},"end":{"line":139,"column":7}},"139":{"start":{"line":140,"column":0},"end":{"line":140,"column":85}},"140":{"start":{"line":141,"column":0},"end":{"line":141,"column":21}},"141":{"start":{"line":142,"column":0},"end":{"line":142,"column":22}},"142":{"start":{"line":143,"column":0},"end":{"line":143,"column":49}},"143":{"start":{"line":144,"column":0},"end":{"line":144,"column":3}},"144":{"start":{"line":145,"column":0},"end":{"line":145,"column":2}}},"s":{"1":1,"2":1,"3":1,"6":1,"7":1,"8":1,"9":1,"10":1,"11":1,"12":1,"14":1,"15":1,"16":1,"17":1,"18":1,"19":1,"20":1,"21":1,"22":1,"23":1,"24":1,"26":1,"27":1,"28":1,"29":1,"30":1,"31":1,"33":1,"34":1,"35":1,"36":1,"37":1,"38":1,"40":1,"41":1,"42":1,"43":1,"44":1,"45":1,"46":1,"47":1,"48":1,"49":1,"52":1,"53":2,"54":2,"55":1,"56":1,"57":1,"58":1,"59":2,"62":1,"63":2,"64":2,"66":2,"67":2,"68":1,"69":1,"70":1,"71":1,"72":2,"75":1,"76":2,"77":2,"79":2,"80":2,"82":2,"83":2,"84":1,"85":1,"86":1,"87":1,"88":2,"91":1,"92":2,"93":2,"95":2,"96":2,"97":1,"98":1,"99":1,"100":1,"101":1,"102":2,"105":1,"106":2,"107":2,"109":2,"110":2,"112":2,"113":2,"114":1,"115":1,"116":1,"117":1,"118":2,"121":1,"122":2,"123":2,"125":2,"126":2,"127":1,"128":1,"129":1,"130":1,"131":2,"134":1,"135":2,"136":2,"138":2,"139":2,"140":1,"141":1,"142":1,"143":1,"144":2},"branchMap":{"0":{"type":"branch","line":53,"loc":{"start":{"line":53,"column":24},"end":{"line":60,"column":2}},"locations":[{"start":{"line":53,"column":24},"end":{"line":60,"column":2}}]},"1":{"type":"branch","line":55,"loc":{"start":{"line":55,"column":48},"end":{"line":59,"column":3}},"locations":[{"start":{"line":55,"column":48},"end":{"line":59,"column":3}}]},"2":{"type":"branch","line":63,"loc":{"start":{"line":63,"column":27},"end":{"line":73,"column":2}},"locations":[{"start":{"line":63,"column":27},"end":{"line":73,"column":2}}]},"3":{"type":"branch","line":65,"loc":{"start":{"line":65,"column":15},"end":{"line":65,"column":22}},"locations":[{"start":{"line":65,"column":15},"end":{"line":65,"column":22}}]},"4":{"type":"branch","line":68,"loc":{"start":{"line":68,"column":63},"end":{"line":72,"column":3}},"locations":[{"start":{"line":68,"column":63},"end":{"line":72,"column":3}}]},"5":{"type":"branch","line":76,"loc":{"start":{"line":76,"column":26},"end":{"line":89,"column":2}},"locations":[{"start":{"line":76,"column":26},"end":{"line":89,"column":2}}]},"6":{"type":"branch","line":78,"loc":{"start":{"line":78,"column":15},"end":{"line":78,"column":22}},"locations":[{"start":{"line":78,"column":15},"end":{"line":78,"column":22}}]},"7":{"type":"branch","line":81,"loc":{"start":{"line":81,"column":13},"end":{"line":81,"column":20}},"locations":[{"start":{"line":81,"column":13},"end":{"line":81,"column":20}}]},"8":{"type":"branch","line":84,"loc":{"start":{"line":84,"column":68},"end":{"line":88,"column":3}},"locations":[{"start":{"line":84,"column":68},"end":{"line":88,"column":3}}]},"9":{"type":"branch","line":92,"loc":{"start":{"line":92,"column":41},"end":{"line":103,"column":2}},"locations":[{"start":{"line":92,"column":41},"end":{"line":103,"column":2}}]},"10":{"type":"branch","line":94,"loc":{"start":{"line":94,"column":15},"end":{"line":94,"column":22}},"locations":[{"start":{"line":94,"column":15},"end":{"line":94,"column":22}}]},"11":{"type":"branch","line":97,"loc":{"start":{"line":97,"column":63},"end":{"line":102,"column":3}},"locations":[{"start":{"line":97,"column":63},"end":{"line":102,"column":3}}]},"12":{"type":"branch","line":106,"loc":{"start":{"line":106,"column":26},"end":{"line":119,"column":2}},"locations":[{"start":{"line":106,"column":26},"end":{"line":119,"column":2}}]},"13":{"type":"branch","line":108,"loc":{"start":{"line":108,"column":15},"end":{"line":108,"column":22}},"locations":[{"start":{"line":108,"column":15},"end":{"line":108,"column":22}}]},"14":{"type":"branch","line":111,"loc":{"start":{"line":111,"column":13},"end":{"line":111,"column":20}},"locations":[{"start":{"line":111,"column":13},"end":{"line":111,"column":20}}]},"15":{"type":"branch","line":114,"loc":{"start":{"line":114,"column":82},"end":{"line":118,"column":3}},"locations":[{"start":{"line":114,"column":82},"end":{"line":118,"column":3}}]},"16":{"type":"branch","line":122,"loc":{"start":{"line":122,"column":30},"end":{"line":132,"column":2}},"locations":[{"start":{"line":122,"column":30},"end":{"line":132,"column":2}}]},"17":{"type":"branch","line":124,"loc":{"start":{"line":124,"column":13},"end":{"line":124,"column":20}},"locations":[{"start":{"line":124,"column":13},"end":{"line":124,"column":20}}]},"18":{"type":"branch","line":127,"loc":{"start":{"line":127,"column":66},"end":{"line":131,"column":3}},"locations":[{"start":{"line":127,"column":66},"end":{"line":131,"column":3}}]},"19":{"type":"branch","line":135,"loc":{"start":{"line":135,"column":29},"end":{"line":145,"column":2}},"locations":[{"start":{"line":135,"column":29},"end":{"line":145,"column":2}}]},"20":{"type":"branch","line":137,"loc":{"start":{"line":137,"column":13},"end":{"line":137,"column":20}},"locations":[{"start":{"line":137,"column":13},"end":{"line":137,"column":20}}]},"21":{"type":"branch","line":140,"loc":{"start":{"line":140,"column":83},"end":{"line":144,"column":3}},"locations":[{"start":{"line":140,"column":83},"end":{"line":144,"column"
[...]
,"C:\\Users\\User\\Desktop\\HARDTRAP\\backend\\src\\utils\\mailer.ts": {"path":"C:\\Users\\User\\Desktop\\HARDTRAP\\backend\\src\\utils\\mailer.ts","all":false,"statementMap":{"0":{"start":{"line":1,"column":0},"end":{"line":1,"column":36}},"2":{"start":{"line":3,"column":0},"end":{"line":3,"column":55}},"3":{"start":{"line":4,"column":0},"end":{"line":4,"column":30}},"4":{"start":{"line":5,"column":0},"end":{"line":5,"column":38}},"5":{"start":{"line":6,"column":0},"end":{"line":6,"column":17}},"6":{"start":{"line":7,"column":0},"end":{"line":7,"column":9}},"7":{"start":{"line":8,"column":0},"end":{"line":8,"column":32}},"8":{"start":{"line":9,"column":0},"end":{"line":9,"column":32}},"9":{"start":{"line":10,"column":0},"end":{"line":10,"column":4}},"12":{"start":{"line":13,"column":0},"end":{"line":13,"column":3}},"14":{"start":{"line":15,"column":0},"end":{"line":15,"column":76}},"15":{"start":{"line":16,"column":0},"end":{"line":16,"column":79}},"17":{"start":{"line":18,"column":0},"end":{"line":18,"column":30}},"18":{"start":{"line":19,"column":0},"end":{"line":19,"column":55}},"19":{"start":{"line":20,"column":0},"end":{"line":20,"column":7}},"20":{"start":{"line":21,"column":0},"end":{"line":21,"column":47}},"21":{"start":{"line":22,"column":0},"end":{"line":22,"column":11}},"24":{"start":{"line":25,"column":0},"end":{"line":25,"column":59}},"27":{"start":{"line":28,"column":0},"end":{"line":28,"column":5}},"28":{"start":{"line":29,"column":0},"end":{"line":29,"column":2}}},"s":{"0":1,"2":1,"3":1,"4":1,"5":1,"6":1,"7":1,"8":1,"9":1,"12":1,"14":1,"15":2,"17":2,"18":2,"19":2,"20":2,"21":2,"24":2,"27":2,"28":1},"branchMap":{"0":{"type":"branch","line":15,"loc":{"start":{"line":15,"column":38},"end":{"line":29,"column":2}},"locations":[{"start":{"line":15,"column":38},"end":{"line":29,"column":2}}]},"1":{"type":"branch","line":28,"loc":{"start":{"line":28,"column":3},"end":{"line":29,"column":2}},"locations":[{"start":{"line":28,"column":3},"end":{"line":29,"column":2}}]}},"b":{"0":[2],"1":[1]},"fnMap":{"0":{"name":"sendResetPasswordEmail","decl":{"start":{"line":15,"column":38},"end":{"line":29,"column":2}},"loc":{"start":{"line":15,"column":38},"end":{"line":29,"column":2}},"line":15}},"f":{"0":2}}
,"C:\\Users\\User\\Desktop\\HARDTRAP\\backend\\src\\utils\\melhorEnvio.ts": {"path":"C:\\Users\\User\\Desktop\\HARDTRAP\\backend\\src\\utils\\melhorEnvio.ts","all":false,"statementMap":{"0":{"start":{"line":1,"column":0},"end":{"line":1,"column":26}},"2":{"start":{"line":3,"column":0},"end":{"line":3,"column":59}},"3":{"start":{"line":4,"column":0},"end":{"line":4,"column":47}},"4":{"start":{"line":5,"column":0},"end":{"line":5,"column":40}},"6":{"start":{"line":7,"column":0},"end":{"line":7,"column":44}},"7":{"start":{"line":8,"column":0},"end":{"line":8,"column":10}},"8":{"start":{"line":9,"column":0},"end":{"line":9,"column":12}},"9":{"start":{"line":10,"column":0},"end":{"line":10,"column":39}},"10":{"start":{"line":11,"column":0},"end":{"line":11,"column":31}},"11":{"start":{"line":12,"column":0},"end":{"line":12,"column":4}},"12":{"start":{"line":13,"column":0},"end":{"line":13,"column":3}}},"s":{"0":1,"2":1,"3":1,"4":0,"6":1,"7":1,"8":1,"9":1,"10":1,"11":1,"12":1},"branchMap":{"0":{"type":"branch","line":4,"loc":{"start":{"line":4,"column":4},"end":{"line":5,"column":40}},"locations":[{"start":{"line":4,"column":4},"end":{"line":5,"column":40}}]}},"b":{"0":[0]},"fnMap":{},"f":{}}
,"C:\\Users\\User\\Desktop\\HARDTRAP\\backend\\src\\utils\\updateAdmin.ts": {"path":"C:\\Users\\User\\Desktop\\HARDTRAP\\backend\\src\\utils\\updateAdmin.ts","all":false,"statementMap":{"0":{"start":{"line":1,"column":0},"end":{"line":1,"column":35}},"2":{"start":{"line":3,"column":0},"end":{"line":3,"column":30}},"3":{"start":{"line":4,"column":0},"end":{"line":4,"column":78}},"5":{"start":{"line":6,"column":0},"end":{"line":6,"column":7}},"6":{"start":{"line":7,"column":0},"end":{"line":7,"column":44}},"7":{"start":{"line":8,"column":0},"end":{"line":8,"column":23}},"8":{"start":{"line":9,"column":0},"end":{"line":9,"column":30}},"9":{"start":{"line":10,"column":0},"end":{"line":10,"column":7}},"10":{"start":{"line":11,"column":0},"end":{"line":11,"column":56}},"11":{"start":{"line":12,"column":0},"end":{"line":12,"column":15}},"12":{"start":{"line":13,"column":0},"end":{"line":13,"column":21}},"13":{"start":{"line":14,"column":0},"end":{"line":14,"column":58}},"14":{"start":{"line":15,"column":0},"end":{"line":15,"column":13}},"15":{"start":{"line":16,"column":0},"end":{"line":16,"column":31}},"16":{"start":{"line":17,"column":0},"end":{"line":17,"column":3}},"17":{"start":{"line":18,"column":0},"end":{"line":18,"column":1}},"20":{"start":{"line":21,"column":0},"end":{"line":21,"column":30}},"21":{"start":{"line":22,"column":0},"end":{"line":22,"column":9}},"22":{"start":{"line":23,"column":0},"end":{"line":23,"column":1}}},"s":{"0":1,"2":2,"3":2,"5":2,"6":2,"7":2,"8":2,"9":2,"10":1,"11":1,"12":1,"13":1,"14":2,"15":2,"16":2,"17":2,"20":1,"21":0,"22":0},"branchMap":{"0":{"type":"branch","line":21,"loc":{"start":{"line":21,"column":29},"end":{"line":23,"column":1}},"locations":[{"start":{"line":21,"column":29},"end":{"line":23,"column":1}}]},"1":{"type":"branch","line":3,"loc":{"start":{"line":3,"column":0},"end":{"line":18,"column":1}},"locations":[{"start":{"line":3,"column":0},"end":{"line":18,"column":1}}]},"2":{"type":"branch","line":10,"loc":{"start":{"line":10,"column":5},"end":{"line":15,"column":4}},"locations":[{"start":{"line":10,"column":5},"end":{"line":15,"column":4}}]}},"b":{"0":[0],"1":[2],"2":[1]},"fnMap":{"0":{"name":"main","decl":{"start":{"line":3,"column":0},"end":{"line":18,"column":1}},"loc":{"start":{"line":3,"column":0},"end":{"line":18,"column":1}},"line":3}},"f":{"0":2}}
,"C:\\Users\\User\\Desktop\\HARDTRAP\\backend\\src\\utils\\validation.util.ts": {"path":"C:\\Users\\User\\Desktop\\HARDTRAP\\backend\\src\\utils\\validation.util.ts","all":false,"statementMap":{"5":{"start":{"line":6,"column":0},"end":{"line":6,"column":32}},"6":{"start":{"line":7,"column":0},"end":{"line":7,"column":23}},"7":{"start":{"line":8,"column":0},"end":{"line":8,"column":15}},"8":{"start":{"line":9,"column":0},"end":{"line":9,"column":16}},"9":{"start":{"line":10,"column":0},"end":{"line":10,"column":66}},"10":{"start":{"line":11,"column":0},"end":{"line":11,"column":6}},"11":{"start":{"line":12,"column":0},"end":{"line":12,"column":24}},"12":{"start":{"line":13,"column":0},"end":{"line":13,"column":38}},"13":{"start":{"line":14,"column":0},"end":{"line":14,"column":36}},"14":{"start":{"line":15,"column":0},"end":{"line":15,"column":13}},"16":{"start":{"line":17,"column":0},"end":{"line":17,"column":60}},"17":{"start":{"line":18,"column":0},"end":{"line":18,"column":22}},"18":{"start":{"line":19,"column":0},"end":{"line":19,"column":23}},"19":{"start":{"line":20,"column":0},"end":{"line":20,"column":5}},"21":{"start":{"line":22,"column":0},"end":{"line":22,"column":14}},"22":{"start":{"line":23,"column":0},"end":{"line":23,"column":26}},"23":{"start":{"line":24,"column":0},"end":{"line":24,"column":21}},"24":{"start":{"line":25,"column":0},"end":{"line":25,"column":41}},"25":{"start":{"line":26,"column":0},"end":{"line":26,"column":35}},"26":{"start":{"line":27,"column":0},"end":{"line":27,"column":27}},"27":{"start":{"line":28,"column":0},"end":{"line":28,"column":10}},"28":{"start":{"line":29,"column":0},"end":{"line":29,"column":7}},"29":{"start":{"line":30,"column":0},"end":{"line":30,"column":16}},"30":{"start":{"line":31,"column":0},"end":{"line":31,"column":3}},"32":{"start":{"line":33,"column":0},"end":{"line":33,"column":15}},"33":{"start":{"line":34,"column":0},"end":{"line":34,"column":2}}},"s":{"5":1,"6":6,"7":6,"8":6,"9":6,"10":6,"11":6,"12":6,"13":5,"14":4,"16":6,"17":6,"18":6,"19":6,"21":6,"22":1,"23":1,"24":1,"25":1,"26":1,"27":1,"28":1,"29":1,"30":1,"32":5,"33":5},"branchMap":{"0":{"type":"branch","line":6,"loc":{"start":{"line":6,"column":31},"end":{"line":34,"column":2}},"locations":[{"start":{"line":6,"column":31},"end":{"line":34,"column":2}}]},"1":{"type":"branch","line":13,"loc":{"start":{"line":13,"column":15},"end":{"line":13,"column":38}},"locations":[{"start":{"line":13,"column":15},"end":{"line":13,"column":38}}]},"2":{"type":"branch","line":13,"loc":{"start":{"line":13,"column":30},"end":{"line":15,"column":13}},"locations":[{"start":{"line":13,"column":30},"end":{"line":15,"column":13}}]},"3":{"type":"branch","line":14,"loc":{"start":{"line":14,"column":15},"end":{"line":14,"column":36}},"locations":[{"start":{"line":14,"column":15},"end":{"line":14,"column":36}}]},"4":{"type":"branch","line":14,"loc":{"start":{"line":14,"column":29},"end":{"line":15,"column":13}},"locations":[{"start":{"line":14,"column":29},"end":{"line":15,"column":13}}]},"5":{"type":"branch","line":22,"loc":{"start":{"line":22,"column":13},"end":{"line":31,"column":3}},"locations":[{"start":{"line":22,"column":13},"end":{"line":31,"column":3}}]},"6":{"type":"branch","line":31,"loc":{"start":{"line":31,"column":2},"end":{"line":34,"column":2}},"locations":[{"start":{"line":31,"column":2},"end":{"line":34,"column":2}}]},"7":{"type":"branch","line":25,"loc":{"start":{"line":25,"column":32},"end":{"line":28,"column":8}},"locations":[{"start":{"line":25,"column":32},"end":{"line":28,"column":8}}]}},"b":{"0":[6],"1":[1],"2":[5],"3":[1],"4":[4],"5":[1],"6":[5],"7":[1]},"fnMap":{"0":{"name":"validateRequest","decl":{"start":{"line":6,"column":31},"end":{"line":34,"column":2}},"loc":{"start":{"line":6,"column":31},"end":{"line":34,"column":2}},"line":6}},"f":{"0":6}}
,"C:\\Users\\User\\Desktop\\HARDTRAP\\backend\\src\\webhook\\stripeWebhook.ts": {"path":"C:\\Users\\User\\Desktop\\HARDTRAP\\backend\\src\\webhook\\stripeWebhook.ts","all":false,"statementMap":{"1":{"start":{"line":2,"column":0},"end":{"line":2,"column":35}},"2":{"start":{"line":3,"column":0},"end":{"line":3,"column":28}},"3":{"start":{"line":4,"column":0},"end":{"line":4,"column":31}},"5":{"start":{"line":6,"column":0},"end":{"line":6,"column":68}},"6":{"start":{"line":7,"column":0},"end":{"line":7,"column":33}},"7":{"start":{"line":8,"column":0},"end":{"line":8,"column":3}},"9":{"start":{"line":10,"column":0},"end":{"line":10,"column":75}},"10":{"start":{"line":11,"column":0},"end":{"line":11,"column":56}},"11":{"start":{"line":12,"column":0},"end":{"line":12,"column":69}},"13":{"start":{"line":14,"column":0},"end":{"line":14,"column":24}},"14":{"start":{"line":15,"column":0},"end":{"line":15,"column":71}},"15":{"start":{"line":16,"column":0},"end":{"line":16,"column":66}},"16":{"start":{"line":17,"column":0},"end":{"line":17,"column":3}},"18":{"start":{"line":19,"column":0},"end":{"line":19,"column":26}},"19":{"start":{"line":20,"column":0},"end":{"line":20,"column":7}},"20":{"start":{"line":21,"column":0},"end":{"line":21,"column":74}},"21":{"start":{"line":22,"column":0},"end":{"line":22,"column":22}},"22":{"start":{"line":23,"column":0},"end":{"line":23,"column":75}},"23":{"start":{"line":24,"column":0},"end":{"line":24,"column":33}},"24":{"start":{"line":25,"column":0},"end":{"line":25,"column":7}},"25":{"start":{"line":26,"column":0},"end":{"line":26,"column":73}},"26":{"start":{"line":27,"column":0},"end":{"line":27,"column":3}},"28":{"start":{"line":29,"column":0},"end":{"line":29,"column":7}},"30":{"start":{"line":31,"column":0},"end":{"line":31,"column":65}},"31":{"start":{"line":32,"column":0},"end":{"line":32,"column":36}},"32":{"start":{"line":33,"column":0},"end":{"line":33,"column":7}},"33":{"start":{"line":34,"column":0},"end":{"line":34,"column":24}},"34":{"start":{"line":35,"column":0},"end":{"line":35,"column":65}},"35":{"start":{"line":36,"column":0},"end":{"line":36,"column":26}},"36":{"start":{"line":37,"column":0},"end":{"line":37,"column":9}},"37":{"start":{"line":38,"column":0},"end":{"line":38,"column":71}},"38":{"start":{"line":39,"column":0},"end":{"line":39,"column":5}},"41":{"start":{"line":42,"column":0},"end":{"line":42,"column":52}},"42":{"start":{"line":43,"column":0},"end":{"line":43,"column":70}},"43":{"start":{"line":44,"column":0},"end":{"line":44,"column":62}},"45":{"start":{"line":46,"column":0},"end":{"line":46,"column":39}},"46":{"start":{"line":47,"column":0},"end":{"line":47,"column":69}},"47":{"start":{"line":48,"column":0},"end":{"line":48,"column":44}},"48":{"start":{"line":49,"column":0},"end":{"line":49,"column":43}},"49":{"start":{"line":50,"column":0},"end":{"line":50,"column":11}},"50":{"start":{"line":51,"column":0},"end":{"line":51,"column":56}},"51":{"start":{"line":52,"column":0},"end":{"line":52,"column":7}},"53":{"start":{"line":54,"column":0},"end":{"line":54,"column":60}},"54":{"start":{"line":55,"column":0},"end":{"line":55,"column":31}},"55":{"start":{"line":56,"column":0},"end":{"line":56,"column":9}},"56":{"start":{"line":57,"column":0},"end":{"line":57,"column":27}},"57":{"start":{"line":58,"column":0},"end":{"line":58,"column":74}},"58":{"start":{"line":59,"column":0},"end":{"line":59,"column":61}},"59":{"start":{"line":60,"column":0},"end":{"line":60,"column":7}},"61":{"start":{"line":62,"column":0},"end":{"line":62,"column":40}},"62":{"start":{"line":63,"column":0},"end":{"line":63,"column":56}},"63":{"start":{"line":64,"column":0},"end":{"line":64,"column":69}},"64":{"start":{"line":65,"column":0},"end":{"line":65,"column":9}},"66":{"start":{"line":67,"column":0},"end":{"line":67,"column":34}},"67":{"start":{"line":68,"column":0},"end":{"line":68,"column":31}},"68":{"start":{"line":69,"column":0},"end":{"line":69,"column":33}},"69":{"start":{"line":70,"column":0},"end":{"line":70,"column":9}},"71":{"start":{"line":72,"column":0},"end":{"line":72,"column":62}},"72":{"start":{"line":73,"column":0},"end":{"line":73,"column":16}},"73":{"start":{"line":74,"column":0},"end":{"line":74,"column":42}},"74":{"start":{"line":75,"column":0},"end":{"line":75,"column":9}},"75":{"start":{"line":76,"column":0},"end":{"line":76,"column":5}},"78":{"start":{"line":79,"column":0},"end":{"line":79,"column":39}},"79":{"start":{"line":80,"column":0},"end":{"line":80,"column":35}},"80":{"start":{"line":81,"column":0},"end":{"line":81,"column":7}},"81":{"start":{"line":82,"column":0},"end":{"line":82,"column":22}},"82":{"start":{"line":83,"column":0},"end":{"line":83,"column":62}},"83":{"start":{"line":84,"column":0},"end":{"line":84,"column":25}},"84":{"start":{"line":85,"column":0},"end":{"line":85,"column":33}},"85":{"start":{"line":86,"column":0},"end":{"line":86,"column":7}},"86":{"start":{"line":87,"column":0},"end":{"line":87,"column":48}},"87":{"start":{"line":88,"column":0},"end":{"line":88,"column":3}},"89":{"start":{"line":90,"column":0},"end":{"line":90,"column":31}},"90":{"start":{"line":91,"column":0},"end":{"line":91,"column":2}}},"s":{"1":1,"2":1,"3":1,"5":1,"6":1,"7":1,"9":1,"10":7,"11":7,"13":7,"14":1,"15":1,"16":1,"18":6,"19":6,"20":6,"21":7,"22":1,"23":1,"24":1,"25":1,"26":1,"28":5,"30":5,"31":5,"32":5,"33":7,"34":1,"35":1,"36":1,"37":1,"38":1,"41":3,"42":3,"43":3,"45":3,"46":1,"47":1,"48":1,"49":1,"50":1,"51":1,"53":2,"54":2,"55":2,"56":3,"57":1,"58":1,"59":1,"61":1,"62":1,"63":1,"64":1,"66":1,"67":1,"68":1,"69":1,"71":1,"72":1,"73":1,"74":1,"75":1,"78":1,"79":1,"80":1,"81":1,"82":1,"83":1,"84":1,"85":1,"86":1,"87":1,"89":1,"90":1},"branchMap":{"0":{"type":"branch","line":10,"loc":{"start":{"line":10,"column":35},"end":{"line":91,"column":2}},"locations":[{"start":{"line":10,"column":35},"end":{"line":91,"column":2}}]},"1":{"type":"branch","line":14,"loc":{"start":{"line":14,"column":23},"end":{"line":17,"column":3}},"locations":[{"start":{"line":14,"column":23},"end":{"line":17,"column":3}}]},"2":{"type":"branch","line":17,"loc":{"start":{"line":17,"column":2},"end":{"line":22,"column":11}},"locations":[{"start":{"line":17,"column":2},"end":{"line":22,"column":11}}]},"3":{"type":"branch","line":22,"loc":{"start":{"line":22,"column":2},"end":{"line":27,"column":3}},"locations":[{"start":{"line":22,"column":2},"end":{"line":27,"column":3}}]},"4":{"type":"branch","line":24,"loc":{"start":{"line":24,"column":18},"end":{"line":24,"column":33}},"locations":[{"start":{"line":24,"column":18},"end":{"line":24,"column":33}}]},"5":{"type":"branch","line":26,"loc":{"start":{"line":26,"column":55},"end":{"line":26,"column":69}},"locations":[{"start":{"line":26,"column":55},"end":{"line":26,"column":69}}]},"6":{"type":"branch","line":27,"loc":{"start":{"line":27,"column":2},"end":{"line":33,"column":7}},"locations":[{"start":{"line":27,"column":2},"end":{"line":33,"column":7}}]},"7":{"type":"branch","line":33,"loc":{"start":{"line":33,"column":5},"end":{"line":34,"column":23}},"locations":[{"start":{"line":33,"column":5},"end":{"line":34,"column":23}}]},"8":{"type":"branch","line":34,"loc":{"start":{"line":34,"column":23},"end":{"line":39,"column":5}},"locations":[{"start":{"line":34,"column":23},"end":{"line":39,"column":5}}]},"9":{"type":"branch","line":39,"loc":{"start":{"line":39,"column":4},"end":{"line":76,"column":5}},"locations":[{"start":{"line":39,"column":4},"end":{"line":76,"column":5}}]},"10":{"type":"branch","line":46,"loc":{"start":{"line":46,"column":11},"end":{"line":46,"column":38}},"locations":[{"start":{"line":46,"column":11},"end":{"line":46,"column":38}}]},"11":{"type":"branch","line":46,"loc":{"start":{"line":46,"column":38},"end":{"line":52,"column":7}},"locations":[{"start":{"line":46,"column":38},"end":{"line":52,"column":7}}]},"12":{"type":"branch","line":52,"loc":{"start":{"line":52,"column":6},"end":{"line":57,"column":26}},"locations":[{"start":{"line":52,"column":6},"end":{"line":57,"column":26}}]},"13":{"type":"branch","line":57,"loc":{"start":{"line":57,"column":26},"end":{"line":76,"column":5}},"locations":[{"start":{"line":57,"column":26},"end":{"line":76,"column":5}}]},"14":{"type":"branch","line":76,"loc":{"start":{"line":76,"column":4},"end":{"line":91,"column":2}},"locations":[{"start":{"line":76,"column":4},"end":{"line":91,"column":2}}]},"15":{"type":"branch","line":85,"loc":{"start":{"line":85,"column":18},"end":{"line":85,"column":33}},"locations":[{"start":{"line":85,"column":18},"end":{"line":85,"column":33}}]}},"b":{"0":[7],"1":[1],"2":[6],"3":[1],"4":[0],"5":[0],"6":[5],"7":[4],"8":[1],"9":[3],"10":[2],"11":[1],"12":[2],"13":[1],"14":[1],"15":[0]},"fnMap":{"0":{"name":"handleStripeWebhook","decl":{"start":{"line":10,"column":35},"end":{"line":91,"column":2}},"loc":{"start":{"line":10,"column":35},"end":{"line":91,"column":2}},"line":10}},"f":{"0":7}}
}
